This is pdfTeX, Version 3.141592653-2.6-1.40.27 (TeX Live 2026/dev/Arch Linux) (preloaded format=pdflatex 2025.3.29)  7 APR 2025 10:10
entering extended mode
 restricted \write18 enabled.
 file:line:error style messages enabled.
 %&-line parsing enabled.
**assinmen.tex
(./assinmen.tex
LaTeX2e <2024-11-01> patch level 2
L3 programming layer <2025-01-18>
(/usr/share/texmf-dist/tex/latex/base/article.cls
Document Class: article 2024/06/29 v1.4n Standard LaTeX document class
(/usr/share/texmf-dist/tex/latex/base/size12.clo
File: size12.clo 2024/06/29 v1.4n Standard LaTeX file (size option)
)
\c@part=\count196
\c@section=\count197
\c@subsection=\count198
\c@subsubsection=\count199
\c@paragraph=\count266
\c@subparagraph=\count267
\c@figure=\count268
\c@table=\count269
\abovecaptionskip=\skip49
\belowcaptionskip=\skip50
\bibindent=\dimen141
) (/usr/share/texmf-dist/tex/latex/graphics/graphicx.sty
Package: graphicx 2021/09/16 v1.2d Enhanced LaTeX Graphics (DPC,SPQR)
 (/usr/share/texmf-dist/tex/latex/graphics/keyval.sty
Package: keyval 2022/05/29 v1.15 key=value parser (DPC)
\KV@toks@=\toks17
) (/usr/share/texmf-dist/tex/latex/graphics/graphics.sty
Package: graphics 2024/08/06 v1.4g Standard LaTeX Graphics (DPC,SPQR)
 (/usr/share/texmf-dist/tex/latex/graphics/trig.sty
Package: trig 2023/12/02 v1.11 sin cos tan (DPC)
) (/usr/share/texmf-dist/tex/latex/graphics-cfg/graphics.cfg
File: graphics.cfg 2016/06/04 v1.11 sample graphics configuration
)
Package graphics Info: Driver file: pdftex.def on input line 106.
 (/usr/share/texmf-dist/tex/latex/graphics-def/pdftex.def
File: pdftex.def 2024/04/13 v1.2c Graphics/color driver for pdftex
))
\Gin@req@height=\dimen142
\Gin@req@width=\dimen143
) (/usr/share/texmf-dist/tex/latex/tools/longtable.sty
Package: longtable 2024-10-27 v4.22 Multi-page Table package (DPC)
\LTleft=\skip51
\LTright=\skip52
\LTpre=\skip53
\LTpost=\skip54
\LTchunksize=\count270
\LTcapwidth=\dimen144
\LT@head=\box52
\LT@firsthead=\box53
\LT@foot=\box54
\LT@lastfoot=\box55
\LT@gbox=\box56
\LT@cols=\count271
\LT@rows=\count272
\c@LT@tables=\count273
\c@LT@chunks=\count274
\LT@p@ftn=\toks18
) (/usr/share/texmf-dist/tex/latex/l3backend/l3backend-pdftex.def
File: l3backend-pdftex.def 2024-05-08 L3 backend support: PDF output (pdfTeX)
\l__color_backend_stack_int=\count275
\l__pdf_internal_box=\box57
) (./assinmen.aux)
\openout1 = `assinmen.aux'.

LaTeX Font Info:    Checking defaults for OML/cmm/m/it on input line 4.
LaTeX Font Info:    ... okay on input line 4.
LaTeX Font Info:    Checking defaults for OMS/cmsy/m/n on input line 4.
LaTeX Font Info:    ... okay on input line 4.
LaTeX Font Info:    Checking defaults for OT1/cmr/m/n on input line 4.
LaTeX Font Info:    ... okay on input line 4.
LaTeX Font Info:    Checking defaults for T1/cmr/m/n on input line 4.
LaTeX Font Info:    ... okay on input line 4.
LaTeX Font Info:    Checking defaults for TS1/cmr/m/n on input line 4.
LaTeX Font Info:    ... okay on input line 4.
LaTeX Font Info:    Checking defaults for OMX/cmex/m/n on input line 4.
LaTeX Font Info:    ... okay on input line 4.
LaTeX Font Info:    Checking defaults for U/cmr/m/n on input line 4.
LaTeX Font Info:    ... okay on input line 4.
 (/usr/share/texmf-dist/tex/context/base/mkii/supp-pdf.mkii
[Loading MPS to PDF converter (version 2006.09.02).]
\scratchcounter=\count276
\scratchdimen=\dimen145
\scratchbox=\box58
\nofMPsegments=\count277
\nofMParguments=\count278
\everyMPshowfont=\toks19
\MPscratchCnt=\count279
\MPscratchDim=\dimen146
\MPnumerator=\count280
\makeMPintoPDFobject=\count281
\everyMPtoPDFconversion=\toks20
) (/usr/share/texmf-dist/tex/latex/epstopdf-pkg/epstopdf-base.sty
Package: epstopdf-base 2020-01-24 v2.11 Base part for package epstopdf
Package epstopdf-base Info: Redefining graphics rule for `.eps' on input line 485.
 (/usr/share/texmf-dist/tex/latex/latexconfig/epstopdf-sys.cfg
File: epstopdf-sys.cfg 2010/07/13 v1.3 Configuration of (r)epstopdf for TeX Live
))
<media/image.png, id=1, 1244.65pt x 1465.475pt>
File: media/image.png Graphic file (type png)
<use media/image.png>
Package pdftex.def Info: media/image.png  used on input line 11.
(pdftex.def)             Requested size: 112.46947pt x 132.49081pt.


./assinmen.tex:25: LaTeX Error: There's no line here to end.

See the LaTeX manual or LaTeX Companion for explanation.
Type  H <return>  for immediate help.
 ...                                              
                                                  
l.25   Amity University, Punjab\\ \\
                                    
Your command was ignored.
Type  I <command> <return>  to replace it with another command,
or  <return>  to continue without it.



[1

{/var/lib/texmf/fonts/map/pdftex/updmap/pdftex.map} <./media/image.png>]

[2{/usr/share/texmf-dist/fonts/enc/dvips/cm-super/cm-super-ts1.enc}]

[3]
./assinmen.tex:200: Undefined control sequence.
<argument> @{} >{\raggedright \arraybackslash 
                                              }p{(\columnwidth - 2\tabcolsep...
l.200 ...width - 2\tabcolsep) * \real{0.7860}}@{}}
                                                  
The control sequence at the end of the top line
of your error message was never \def'ed. If you have
misspelled it (e.g., `\hobx'), type `I' and the correct
spelling (e.g., `I\hbox'). Otherwise just continue,
and I'll forget about whatever was undefined.

./assinmen.tex:200: Undefined control sequence.
<argument> ...columnwidth - 2\tabcolsep ) * \real 
                                                  {0.2140}} >{\raggedright \...
l.200 ...width - 2\tabcolsep) * \real{0.7860}}@{}}
                                                  
The control sequence at the end of the top line
of your error message was never \def'ed. If you have
misspelled it (e.g., `\hobx'), type `I' and the correct
spelling (e.g., `I\hbox'). Otherwise just continue,
and I'll forget about whatever was undefined.

./assinmen.tex:200: Undefined control sequence.
<argument> ...40}} >{\raggedright \arraybackslash 
                                                  }p{(\columnwidth - 2\tabco...
l.200 ...width - 2\tabcolsep) * \real{0.7860}}@{}}
                                                  
The control sequence at the end of the top line
of your error message was never \def'ed. If you have
misspelled it (e.g., `\hobx'), type `I' and the correct
spelling (e.g., `I\hbox'). Otherwise just continue,
and I'll forget about whatever was undefined.

./assinmen.tex:200: Undefined control sequence.
<argument> ...columnwidth - 2\tabcolsep ) * \real 
                                                  {0.7860}}@{}
l.200 ...width - 2\tabcolsep) * \real{0.7860}}@{}}
                                                  
The control sequence at the end of the top line
of your error message was never \def'ed. If you have
misspelled it (e.g., `\hobx'), type `I' and the correct
spelling (e.g., `I\hbox'). Otherwise just continue,
and I'll forget about whatever was undefined.


./assinmen.tex:200: LaTeX Error: Illegal character in array arg.

See the LaTeX manual or LaTeX Companion for explanation.
Type  H <return>  for immediate help.
 ...                                              
                                                  
l.200 ...width - 2\tabcolsep) * \real{0.7860}}@{}}
                                                  
You're in trouble here.  Try typing  <return>  to proceed.
If that doesn't work, type  X <return>  to quit.


./assinmen.tex:200: LaTeX Error: Illegal character in array arg.

See the LaTeX manual or LaTeX Companion for explanation.
Type  H <return>  for immediate help.
 ...                                              
                                                  
l.200 ...width - 2\tabcolsep) * \real{0.7860}}@{}}
                                                  
You're in trouble here.  Try typing  <return>  to proceed.
If that doesn't work, type  X <return>  to quit.

./assinmen.tex:201: Undefined control sequence.
l.201 \toprule
              \noalign{}
The control sequence at the end of the top line
of your error message was never \def'ed. If you have
misspelled it (e.g., `\hobx'), type `I' and the correct
spelling (e.g., `I\hbox'). Otherwise just continue,
and I'll forget about whatever was undefined.

./assinmen.tex:207: Undefined control sequence.
<recently read> \midrule 
                         
l.207 \midrule
              \noalign{}
The control sequence at the end of the top line
of your error message was never \def'ed. If you have
misspelled it (e.g., `\hobx'), type `I' and the correct
spelling (e.g., `I\hbox'). Otherwise just continue,
and I'll forget about whatever was undefined.


Overfull \hbox (408.00003pt too wide) in alignment at lines 200--208
 [] [] [] [] [] [] 
 []

./assinmen.tex:209: Undefined control sequence.
l.209 \bottomrule
                 \noalign{}
The control sequence at the end of the top line
of your error message was never \def'ed. If you have
misspelled it (e.g., `\hobx'), type `I' and the correct
spelling (e.g., `I\hbox'). Otherwise just continue,
and I'll forget about whatever was undefined.


Overfull \hbox (408.00003pt too wide) in alignment at lines 208--210
 [] [] [] [] [] [] 
 []


Overfull \hbox (408.00003pt too wide) in alignment at lines 210--220
 [] [] [] [] [] [] 
 []

[4]
Overfull \hbox (5.05437pt too wide) in paragraph at lines 266--269
[]\OT1/cmr/m/n/12 They must com-ply with fi-nan-cial reg-u-la-tions (e.g., PCI-DSS, RBI Guide-
 []



[5]

[6]

[7]

[8]

[9]
./assinmen.tex:517: Undefined control sequence.
<argument> @{} >{\raggedright \arraybackslash 
                                              }p{(\columnwidth - 10\tabcolse...
l.517 ...idth - 10\tabcolsep) * \real{0.1810}}@{}}
                                                  
The control sequence at the end of the top line
of your error message was never \def'ed. If you have
misspelled it (e.g., `\hobx'), type `I' and the correct
spelling (e.g., `I\hbox'). Otherwise just continue,
and I'll forget about whatever was undefined.

./assinmen.tex:517: Undefined control sequence.
<argument> ...olumnwidth - 10\tabcolsep ) * \real 
                                                  {0.1867}} >{\raggedright \...
l.517 ...idth - 10\tabcolsep) * \real{0.1810}}@{}}
                                                  
The control sequence at the end of the top line
of your error message was never \def'ed. If you have
misspelled it (e.g., `\hobx'), type `I' and the correct
spelling (e.g., `I\hbox'). Otherwise just continue,
and I'll forget about whatever was undefined.

./assinmen.tex:517: Undefined control sequence.
<argument> ...67}} >{\raggedright \arraybackslash 
                                                  }p{(\columnwidth - 10\tabc...
l.517 ...idth - 10\tabcolsep) * \real{0.1810}}@{}}
                                                  
The control sequence at the end of the top line
of your error message was never \def'ed. If you have
misspelled it (e.g., `\hobx'), type `I' and the correct
spelling (e.g., `I\hbox'). Otherwise just continue,
and I'll forget about whatever was undefined.

./assinmen.tex:517: Undefined control sequence.
<argument> ...olumnwidth - 10\tabcolsep ) * \real 
                                                  {0.1509}} >{\raggedright \...
l.517 ...idth - 10\tabcolsep) * \real{0.1810}}@{}}
                                                  
The control sequence at the end of the top line
of your error message was never \def'ed. If you have
misspelled it (e.g., `\hobx'), type `I' and the correct
spelling (e.g., `I\hbox'). Otherwise just continue,
and I'll forget about whatever was undefined.

./assinmen.tex:517: Undefined control sequence.
<argument> ...09}} >{\raggedright \arraybackslash 
                                                  }p{(\columnwidth - 10\tabc...
l.517 ...idth - 10\tabcolsep) * \real{0.1810}}@{}}
                                                  
The control sequence at the end of the top line
of your error message was never \def'ed. If you have
misspelled it (e.g., `\hobx'), type `I' and the correct
spelling (e.g., `I\hbox'). Otherwise just continue,
and I'll forget about whatever was undefined.

./assinmen.tex:517: Undefined control sequence.
<argument> ...olumnwidth - 10\tabcolsep ) * \real 
                                                  {0.1766}} >{\raggedright \...
l.517 ...idth - 10\tabcolsep) * \real{0.1810}}@{}}
                                                  
The control sequence at the end of the top line
of your error message was never \def'ed. If you have
misspelled it (e.g., `\hobx'), type `I' and the correct
spelling (e.g., `I\hbox'). Otherwise just continue,
and I'll forget about whatever was undefined.

./assinmen.tex:517: Undefined control sequence.
<argument> ...66}} >{\raggedright \arraybackslash 
                                                  }p{(\columnwidth - 10\tabc...
l.517 ...idth - 10\tabcolsep) * \real{0.1810}}@{}}
                                                  
The control sequence at the end of the top line
of your error message was never \def'ed. If you have
misspelled it (e.g., `\hobx'), type `I' and the correct
spelling (e.g., `I\hbox'). Otherwise just continue,
and I'll forget about whatever was undefined.

./assinmen.tex:517: Undefined control sequence.
<argument> ...olumnwidth - 10\tabcolsep ) * \real 
                                                  {0.1549}} >{\raggedright \...
l.517 ...idth - 10\tabcolsep) * \real{0.1810}}@{}}
                                                  
The control sequence at the end of the top line
of your error message was never \def'ed. If you have
misspelled it (e.g., `\hobx'), type `I' and the correct
spelling (e.g., `I\hbox'). Otherwise just continue,
and I'll forget about whatever was undefined.

./assinmen.tex:517: Undefined control sequence.
<argument> ...49}} >{\raggedright \arraybackslash 
                                                  }p{(\columnwidth - 10\tabc...
l.517 ...idth - 10\tabcolsep) * \real{0.1810}}@{}}
                                                  
The control sequence at the end of the top line
of your error message was never \def'ed. If you have
misspelled it (e.g., `\hobx'), type `I' and the correct
spelling (e.g., `I\hbox'). Otherwise just continue,
and I'll forget about whatever was undefined.

./assinmen.tex:517: Undefined control sequence.
<argument> ...olumnwidth - 10\tabcolsep ) * \real 
                                                  {0.1500}} >{\raggedright \...
l.517 ...idth - 10\tabcolsep) * \real{0.1810}}@{}}
                                                  
The control sequence at the end of the top line
of your error message was never \def'ed. If you have
misspelled it (e.g., `\hobx'), type `I' and the correct
spelling (e.g., `I\hbox'). Otherwise just continue,
and I'll forget about whatever was undefined.

./assinmen.tex:517: Undefined control sequence.
<argument> ...00}} >{\raggedright \arraybackslash 
                                                  }p{(\columnwidth - 10\tabc...
l.517 ...idth - 10\tabcolsep) * \real{0.1810}}@{}}
                                                  
The control sequence at the end of the top line
of your error message was never \def'ed. If you have
misspelled it (e.g., `\hobx'), type `I' and the correct
spelling (e.g., `I\hbox'). Otherwise just continue,
and I'll forget about whatever was undefined.

./assinmen.tex:517: Undefined control sequence.
<argument> ...olumnwidth - 10\tabcolsep ) * \real 
                                                  {0.1810}}@{}
l.517 ...idth - 10\tabcolsep) * \real{0.1810}}@{}}
                                                  
The control sequence at the end of the top line
of your error message was never \def'ed. If you have
misspelled it (e.g., `\hobx'), type `I' and the correct
spelling (e.g., `I\hbox'). Otherwise just continue,
and I'll forget about whatever was undefined.


./assinmen.tex:517: LaTeX Error: Illegal character in array arg.

See the LaTeX manual or LaTeX Companion for explanation.
Type  H <return>  for immediate help.
 ...                                              
                                                  
l.517 ...idth - 10\tabcolsep) * \real{0.1810}}@{}}
                                                  
You're in trouble here.  Try typing  <return>  to proceed.
If that doesn't work, type  X <return>  to quit.


./assinmen.tex:517: LaTeX Error: Illegal character in array arg.

See the LaTeX manual or LaTeX Companion for explanation.
Type  H <return>  for immediate help.
 ...                                              
                                                  
l.517 ...idth - 10\tabcolsep) * \real{0.1810}}@{}}
                                                  
You're in trouble here.  Try typing  <return>  to proceed.
If that doesn't work, type  X <return>  to quit.


./assinmen.tex:517: LaTeX Error: Illegal character in array arg.

See the LaTeX manual or LaTeX Companion for explanation.
Type  H <return>  for immediate help.
 ...                                              
                                                  
l.517 ...idth - 10\tabcolsep) * \real{0.1810}}@{}}
                                                  
You're in trouble here.  Try typing  <return>  to proceed.
If that doesn't work, type  X <return>  to quit.


./assinmen.tex:517: LaTeX Error: Illegal character in array arg.

See the LaTeX manual or LaTeX Companion for explanation.
Type  H <return>  for immediate help.
 ...                                              
                                                  
l.517 ...idth - 10\tabcolsep) * \real{0.1810}}@{}}
                                                  
You're in trouble here.  Try typing  <return>  to proceed.
If that doesn't work, type  X <return>  to quit.


./assinmen.tex:517: LaTeX Error: Illegal character in array arg.

See the LaTeX manual or LaTeX Companion for explanation.
Type  H <return>  for immediate help.
 ...                                              
                                                  
l.517 ...idth - 10\tabcolsep) * \real{0.1810}}@{}}
                                                  
You're in trouble here.  Try typing  <return>  to proceed.
If that doesn't work, type  X <return>  to quit.


./assinmen.tex:517: LaTeX Error: Illegal character in array arg.

See the LaTeX manual or LaTeX Companion for explanation.
Type  H <return>  for immediate help.
 ...                                              
                                                  
l.517 ...idth - 10\tabcolsep) * \real{0.1810}}@{}}
                                                  
You're in trouble here.  Try typing  <return>  to proceed.
If that doesn't work, type  X <return>  to quit.

./assinmen.tex:518: Undefined control sequence.
l.518 \toprule
              \noalign{}
The control sequence at the end of the top line
of your error message was never \def'ed. If you have
misspelled it (e.g., `\hobx'), type `I' and the correct
spelling (e.g., `I\hbox'). Otherwise just continue,
and I'll forget about whatever was undefined.

./assinmen.tex:527: Missing number, treated as zero.
<to be read again> 
                   (
l.527 \end{minipage} & \begin
                             {minipage}[b]{\linewidth}\raggedright
A number should have been here; I inserted `0'.
(If you can't figure out why I needed to see a number,
look up `weird error' in the index to The TeXbook.)

./assinmen.tex:527: Illegal unit of measure (pt inserted).
<to be read again> 
                   (
l.527 \end{minipage} & \begin
                             {minipage}[b]{\linewidth}\raggedright
Dimensions can be in units of em, ex, in, pt, pc,
cm, mm, dd, cc, nd, nc, bp, or sp; but yours is a new one!
I'll assume that you meant to say pt, for printer's points.
To recover gracefully from this error, it's best to
delete the erroneous units; e.g., type `2' to delete
two letters. (See Chapter 27 of The TeXbook.)


Overfull \hbox (58.74939pt too wide) in paragraph at lines 529--530
[] 
 []


Overfull \hbox (100.52673pt too wide) in paragraph at lines 529--530
\OT1/cmr/m/n/12 Security  
 []


Overfull \hbox (26.76361pt too wide) in paragraph at lines 527--531
[]\OT1/cmr/m/n/12 ()
 []


Overfull \hbox (5.87494pt too wide) in paragraph at lines 527--531
\OT1/cmr/m/n/12 *
 []


Overfull \hbox (32.63855pt too wide) in paragraph at lines 527--531
\OT1/cmr/m/n/12 0.1867[]| 
 []

./assinmen.tex:539: Missing number, treated as zero.
<to be read again> 
                   (
l.539 \end{minipage} & \begin
                             {minipage}[b]{\linewidth}\raggedright
A number should have been here; I inserted `0'.
(If you can't figure out why I needed to see a number,
look up `weird error' in the index to The TeXbook.)

./assinmen.tex:539: Illegal unit of measure (pt inserted).
<to be read again> 
                   (
l.539 \end{minipage} & \begin
                             {minipage}[b]{\linewidth}\raggedright
Dimensions can be in units of em, ex, in, pt, pc,
cm, mm, dd, cc, nd, nc, bp, or sp; but yours is a new one!
I'll assume that you meant to say pt, for printer's points.
To recover gracefully from this error, it's best to
delete the erroneous units; e.g., type `2' to delete
two letters. (See Chapter 27 of The TeXbook.)


Overfull \hbox (58.74939pt too wide) in paragraph at lines 541--542
[] 
 []


Overfull \hbox (81.49638pt too wide) in paragraph at lines 541--542
\OT1/cmr/m/n/12 Best 
 []


Overfull \hbox (91.38794pt too wide) in paragraph at lines 541--542
\OT1/cmr/m/n/12 Suited 
 []


Overfull \hbox (75.88255pt too wide) in paragraph at lines 541--542
\OT1/cmr/m/n/12 For  
 []


Overfull \hbox (26.76361pt too wide) in paragraph at lines 539--544
[]\OT1/cmr/m/n/12 ()
 []


Overfull \hbox (5.87494pt too wide) in paragraph at lines 539--544
\OT1/cmr/m/n/12 *
 []


Overfull \hbox (32.63855pt too wide) in paragraph at lines 539--544
\OT1/cmr/m/n/12 0.1509[]| 
 []

./assinmen.tex:544: Undefined control sequence.
<recently read> \midrule 
                         
l.544 \midrule
              \noalign{}
The control sequence at the end of the top line
of your error message was never \def'ed. If you have
misspelled it (e.g., `\hobx'), type `I' and the correct
spelling (e.g., `I\hbox'). Otherwise just continue,
and I'll forget about whatever was undefined.


Overfull \hbox (1118.50128pt too wide) in alignment at lines 517--545
 [] [] [] [] [] [] [] [] [] [] [] [] [] [] [] [] [] [] 
 []

./assinmen.tex:546: Undefined control sequence.
l.546 \bottomrule
                 \noalign{}
The control sequence at the end of the top line
of your error message was never \def'ed. If you have
misspelled it (e.g., `\hobx'), type `I' and the correct
spelling (e.g., `I\hbox'). Otherwise just continue,
and I'll forget about whatever was undefined.


Overfull \hbox (1118.50128pt too wide) in alignment at lines 545--547
 [] [] [] [] [] [] [] [] [] [] [] [] [] [] [] [] [] [] 
 []


Overfull \hbox (1118.50128pt too wide) in alignment at lines 547--548
 [] [] [] [] [] [] [] [] [] [] [] [] [] [] [] [] [] [] 
 []

./assinmen.tex:556: Undefined control sequence.
<argument> @{} >{\raggedright \arraybackslash 
                                              }p{(\columnwidth - 10\tabcolse...
l.556 ...idth - 10\tabcolsep) * \real{0.1624}}@{}}
                                                  
The control sequence at the end of the top line
of your error message was never \def'ed. If you have
misspelled it (e.g., `\hobx'), type `I' and the correct
spelling (e.g., `I\hbox'). Otherwise just continue,
and I'll forget about whatever was undefined.

./assinmen.tex:556: Undefined control sequence.
<argument> ...olumnwidth - 10\tabcolsep ) * \real 
                                                  {0.1876}} >{\raggedright \...
l.556 ...idth - 10\tabcolsep) * \real{0.1624}}@{}}
                                                  
The control sequence at the end of the top line
of your error message was never \def'ed. If you have
misspelled it (e.g., `\hobx'), type `I' and the correct
spelling (e.g., `I\hbox'). Otherwise just continue,
and I'll forget about whatever was undefined.

./assinmen.tex:556: Undefined control sequence.
<argument> ...76}} >{\raggedright \arraybackslash 
                                                  }p{(\columnwidth - 10\tabc...
l.556 ...idth - 10\tabcolsep) * \real{0.1624}}@{}}
                                                  
The control sequence at the end of the top line
of your error message was never \def'ed. If you have
misspelled it (e.g., `\hobx'), type `I' and the correct
spelling (e.g., `I\hbox'). Otherwise just continue,
and I'll forget about whatever was undefined.

./assinmen.tex:556: Undefined control sequence.
<argument> ...olumnwidth - 10\tabcolsep ) * \real 
                                                  {0.1750}} >{\raggedright \...
l.556 ...idth - 10\tabcolsep) * \real{0.1624}}@{}}
                                                  
The control sequence at the end of the top line
of your error message was never \def'ed. If you have
misspelled it (e.g., `\hobx'), type `I' and the correct
spelling (e.g., `I\hbox'). Otherwise just continue,
and I'll forget about whatever was undefined.

./assinmen.tex:556: Undefined control sequence.
<argument> ...50}} >{\raggedright \arraybackslash 
                                                  }p{(\columnwidth - 10\tabc...
l.556 ...idth - 10\tabcolsep) * \real{0.1624}}@{}}
                                                  
The control sequence at the end of the top line
of your error message was never \def'ed. If you have
misspelled it (e.g., `\hobx'), type `I' and the correct
spelling (e.g., `I\hbox'). Otherwise just continue,
and I'll forget about whatever was undefined.

./assinmen.tex:556: Undefined control sequence.
<argument> ...olumnwidth - 10\tabcolsep ) * \real 
                                                  {0.1750}} >{\raggedright \...
l.556 ...idth - 10\tabcolsep) * \real{0.1624}}@{}}
                                                  
The control sequence at the end of the top line
of your error message was never \def'ed. If you have
misspelled it (e.g., `\hobx'), type `I' and the correct
spelling (e.g., `I\hbox'). Otherwise just continue,
and I'll forget about whatever was undefined.

./assinmen.tex:556: Undefined control sequence.
<argument> ...50}} >{\raggedright \arraybackslash 
                                                  }p{(\columnwidth - 10\tabc...
l.556 ...idth - 10\tabcolsep) * \real{0.1624}}@{}}
                                                  
The control sequence at the end of the top line
of your error message was never \def'ed. If you have
misspelled it (e.g., `\hobx'), type `I' and the correct
spelling (e.g., `I\hbox'). Otherwise just continue,
and I'll forget about whatever was undefined.

./assinmen.tex:556: Undefined control sequence.
<argument> ...olumnwidth - 10\tabcolsep ) * \real 
                                                  {0.1375}} >{\raggedright \...
l.556 ...idth - 10\tabcolsep) * \real{0.1624}}@{}}
                                                  
The control sequence at the end of the top line
of your error message was never \def'ed. If you have
misspelled it (e.g., `\hobx'), type `I' and the correct
spelling (e.g., `I\hbox'). Otherwise just continue,
and I'll forget about whatever was undefined.

./assinmen.tex:556: Undefined control sequence.
<argument> ...75}} >{\raggedright \arraybackslash 
                                                  }p{(\columnwidth - 10\tabc...
l.556 ...idth - 10\tabcolsep) * \real{0.1624}}@{}}
                                                  
The control sequence at the end of the top line
of your error message was never \def'ed. If you have
misspelled it (e.g., `\hobx'), type `I' and the correct
spelling (e.g., `I\hbox'). Otherwise just continue,
and I'll forget about whatever was undefined.

./assinmen.tex:556: Undefined control sequence.
<argument> ...olumnwidth - 10\tabcolsep ) * \real 
                                                  {0.1625}} >{\raggedright \...
l.556 ...idth - 10\tabcolsep) * \real{0.1624}}@{}}
                                                  
The control sequence at the end of the top line
of your error message was never \def'ed. If you have
misspelled it (e.g., `\hobx'), type `I' and the correct
spelling (e.g., `I\hbox'). Otherwise just continue,
and I'll forget about whatever was undefined.

./assinmen.tex:556: Undefined control sequence.
<argument> ...25}} >{\raggedright \arraybackslash 
                                                  }p{(\columnwidth - 10\tabc...
l.556 ...idth - 10\tabcolsep) * \real{0.1624}}@{}}
                                                  
The control sequence at the end of the top line
of your error message was never \def'ed. If you have
misspelled it (e.g., `\hobx'), type `I' and the correct
spelling (e.g., `I\hbox'). Otherwise just continue,
and I'll forget about whatever was undefined.

./assinmen.tex:556: Undefined control sequence.
<argument> ...olumnwidth - 10\tabcolsep ) * \real 
                                                  {0.1624}}@{}
l.556 ...idth - 10\tabcolsep) * \real{0.1624}}@{}}
                                                  
The control sequence at the end of the top line
of your error message was never \def'ed. If you have
misspelled it (e.g., `\hobx'), type `I' and the correct
spelling (e.g., `I\hbox'). Otherwise just continue,
and I'll forget about whatever was undefined.


./assinmen.tex:556: LaTeX Error: Illegal character in array arg.

See the LaTeX manual or LaTeX Companion for explanation.
Type  H <return>  for immediate help.
 ...                                              
                                                  
l.556 ...idth - 10\tabcolsep) * \real{0.1624}}@{}}
                                                  
You're in trouble here.  Try typing  <return>  to proceed.
If that doesn't work, type  X <return>  to quit.


./assinmen.tex:556: LaTeX Error: Illegal character in array arg.

See the LaTeX manual or LaTeX Companion for explanation.
Type  H <return>  for immediate help.
 ...                                              
                                                  
l.556 ...idth - 10\tabcolsep) * \real{0.1624}}@{}}
                                                  
You're in trouble here.  Try typing  <return>  to proceed.
If that doesn't work, type  X <return>  to quit.


./assinmen.tex:556: LaTeX Error: Illegal character in array arg.

See the LaTeX manual or LaTeX Companion for explanation.
Type  H <return>  for immediate help.
 ...                                              
                                                  
l.556 ...idth - 10\tabcolsep) * \real{0.1624}}@{}}
                                                  
You're in trouble here.  Try typing  <return>  to proceed.
If that doesn't work, type  X <return>  to quit.


./assinmen.tex:556: LaTeX Error: Illegal character in array arg.

See the LaTeX manual or LaTeX Companion for explanation.
Type  H <return>  for immediate help.
 ...                                              
                                                  
l.556 ...idth - 10\tabcolsep) * \real{0.1624}}@{}}
                                                  
You're in trouble here.  Try typing  <return>  to proceed.
If that doesn't work, type  X <return>  to quit.


./assinmen.tex:556: LaTeX Error: Illegal character in array arg.

See the LaTeX manual or LaTeX Companion for explanation.
Type  H <return>  for immediate help.
 ...                                              
                                                  
l.556 ...idth - 10\tabcolsep) * \real{0.1624}}@{}}
                                                  
You're in trouble here.  Try typing  <return>  to proceed.
If that doesn't work, type  X <return>  to quit.


./assinmen.tex:556: LaTeX Error: Illegal character in array arg.

See the LaTeX manual or LaTeX Companion for explanation.
Type  H <return>  for immediate help.
 ...                                              
                                                  
l.556 ...idth - 10\tabcolsep) * \real{0.1624}}@{}}
                                                  
You're in trouble here.  Try typing  <return>  to proceed.
If that doesn't work, type  X <return>  to quit.

./assinmen.tex:557: Undefined control sequence.
l.557 \toprule
              \noalign{}
The control sequence at the end of the top line
of your error message was never \def'ed. If you have
misspelled it (e.g., `\hobx'), type `I' and the correct
spelling (e.g., `I\hbox'). Otherwise just continue,
and I'll forget about whatever was undefined.

./assinmen.tex:566: Missing number, treated as zero.
<to be read again> 
                   (
l.566 \end{minipage} & \begin
                             {minipage}[b]{\linewidth}\raggedright
A number should have been here; I inserted `0'.
(If you can't figure out why I needed to see a number,
look up `weird error' in the index to The TeXbook.)

./assinmen.tex:566: Illegal unit of measure (pt inserted).
<to be read again> 
                   (
l.566 \end{minipage} & \begin
                             {minipage}[b]{\linewidth}\raggedright
Dimensions can be in units of em, ex, in, pt, pc,
cm, mm, dd, cc, nd, nc, bp, or sp; but yours is a new one!
I'll assume that you meant to say pt, for printer's points.
To recover gracefully from this error, it's best to
delete the erroneous units; e.g., type `2' to delete
two letters. (See Chapter 27 of The TeXbook.)


Overfull \hbox (58.74939pt too wide) in paragraph at lines 568--569
[] 
 []


Overfull \hbox (107.70305pt too wide) in paragraph at lines 568--569
\OT1/cmr/m/n/12 Moderate 
 []


Overfull \hbox (64.62433pt too wide) in paragraph at lines 568--569
\OT1/cmr/m/n/12 -- 
 []


Overfull \hbox (58.74939pt too wide) in paragraph at lines 568--569
 
 []


Overfull \hbox (99.21703pt too wide) in paragraph at lines 568--569
\OT1/cmr/m/n/12 Vendor- 
 []


Overfull \hbox (104.44336pt too wide) in paragraph at lines 568--569
\OT1/cmr/m/n/12 managed 
 []


Overfull \hbox (72.52286pt too wide) in paragraph at lines 568--569
\OT1/cmr/m/n/12 se- 
 []


Overfull \hbox (74.4159pt too wide) in paragraph at lines 568--569
\OT1/cmr/m/n/12 cu- 
 []


Overfull \hbox (77.02698pt too wide) in paragraph at lines 568--569
\OT1/cmr/m/n/12 rity 
 []


Overfull \hbox (68.54095pt too wide) in paragraph at lines 568--569
\OT1/cmr/m/n/12 in 
 []


Overfull \hbox (92.10599pt too wide) in paragraph at lines 568--569
\OT1/cmr/m/n/12 shared 
 []


Overfull \hbox (74.4159pt too wide) in paragraph at lines 568--569
\OT1/cmr/m/n/12 en- 
 []


Overfull \hbox (72.1312pt too wide) in paragraph at lines 568--569
\OT1/cmr/m/n/12 vi- 
 []


Overfull \hbox (79.63806pt too wide) in paragraph at lines 568--569
\OT1/cmr/m/n/12 ron- 
 []


Overfull \hbox (84.53384pt too wide) in paragraph at lines 568--569
\OT1/cmr/m/n/12 ment  
 []


Overfull \hbox (26.76361pt too wide) in paragraph at lines 566--570
[]\OT1/cmr/m/n/12 ()
 []


Overfull \hbox (5.87494pt too wide) in paragraph at lines 566--570
\OT1/cmr/m/n/12 *
 []


Overfull \hbox (32.63855pt too wide) in paragraph at lines 566--570
\OT1/cmr/m/n/12 0.1876[]| 
 []

./assinmen.tex:578: Missing number, treated as zero.
<to be read again> 
                   (
l.578 \end{minipage} & \begin
                             {minipage}[b]{\linewidth}\raggedright
A number should have been here; I inserted `0'.
(If you can't figure out why I needed to see a number,
look up `weird error' in the index to The TeXbook.)

./assinmen.tex:578: Illegal unit of measure (pt inserted).
<to be read again> 
                   (
l.578 \end{minipage} & \begin
                             {minipage}[b]{\linewidth}\raggedright
Dimensions can be in units of em, ex, in, pt, pc,
cm, mm, dd, cc, nd, nc, bp, or sp; but yours is a new one!
I'll assume that you meant to say pt, for printer's points.
To recover gracefully from this error, it's best to
delete the erroneous units; e.g., type `2' to delete
two letters. (See Chapter 27 of The TeXbook.)


Overfull \hbox (58.74939pt too wide) in paragraph at lines 580--581
[] 
 []


Overfull \hbox (105.81418pt too wide) in paragraph at lines 580--581
\OT1/cmr/m/n/12 Startups, 
 []


Overfull \hbox (70.66039pt too wide) in paragraph at lines 580--581
\OT1/cmr/m/n/12 E- 
 []


Overfull \hbox (112.92938pt too wide) in paragraph at lines 580--581
\OT1/cmr/m/n/12 commerce, 
 []


Overfull \hbox (83.55469pt too wide) in paragraph at lines 580--581
\OT1/cmr/m/n/12 SaaS 
 []


Overfull \hbox (82.90192pt too wide) in paragraph at lines 580--581
\OT1/cmr/m/n/12 plat- 
 []


Overfull \hbox (87.2102pt too wide) in paragraph at lines 580--581
\OT1/cmr/m/n/12 forms  
 []


Overfull \hbox (26.76361pt too wide) in paragraph at lines 578--583
[]\OT1/cmr/m/n/12 ()
 []


Overfull \hbox (5.87494pt too wide) in paragraph at lines 578--583
\OT1/cmr/m/n/12 *
 []


Overfull \hbox (32.63855pt too wide) in paragraph at lines 578--583
\OT1/cmr/m/n/12 0.1750[]| 
 []

./assinmen.tex:583: Undefined control sequence.
<recently read> \midrule 
                         
l.583 \midrule
              \noalign{}
The control sequence at the end of the top line
of your error message was never \def'ed. If you have
misspelled it (e.g., `\hobx'), type `I' and the correct
spelling (e.g., `I\hbox'). Otherwise just continue,
and I'll forget about whatever was undefined.


Overfull \hbox (1118.50128pt too wide) in alignment at lines 556--584
 [] [] [] [] [] [] [] [] [] [] [] [] [] [] [] [] [] [] 
 []

./assinmen.tex:585: Undefined control sequence.
l.585 \bottomrule
                 \noalign{}
The control sequence at the end of the top line
of your error message was never \def'ed. If you have
misspelled it (e.g., `\hobx'), type `I' and the correct
spelling (e.g., `I\hbox'). Otherwise just continue,
and I'll forget about whatever was undefined.


Overfull \hbox (1118.50128pt too wide) in alignment at lines 584--586
 [] [] [] [] [] [] [] [] [] [] [] [] [] [] [] [] [] [] 
 []


Overfull \hbox (1118.50128pt too wide) in alignment at lines 586--587
 [] [] [] [] [] [] [] [] [] [] [] [] [] [] [] [] [] [] 
 []



[10]
./assinmen.tex:595: Undefined control sequence.
<argument> @{} >{\raggedright \arraybackslash 
                                              }p{(\columnwidth - 10\tabcolse...
l.595 ...idth - 10\tabcolsep) * \real{0.1624}}@{}}
                                                  
The control sequence at the end of the top line
of your error message was never \def'ed. If you have
misspelled it (e.g., `\hobx'), type `I' and the correct
spelling (e.g., `I\hbox'). Otherwise just continue,
and I'll forget about whatever was undefined.

./assinmen.tex:595: Undefined control sequence.
<argument> ...olumnwidth - 10\tabcolsep ) * \real 
                                                  {0.1876}} >{\raggedright \...
l.595 ...idth - 10\tabcolsep) * \real{0.1624}}@{}}
                                                  
The control sequence at the end of the top line
of your error message was never \def'ed. If you have
misspelled it (e.g., `\hobx'), type `I' and the correct
spelling (e.g., `I\hbox'). Otherwise just continue,
and I'll forget about whatever was undefined.

./assinmen.tex:595: Undefined control sequence.
<argument> ...76}} >{\raggedright \arraybackslash 
                                                  }p{(\columnwidth - 10\tabc...
l.595 ...idth - 10\tabcolsep) * \real{0.1624}}@{}}
                                                  
The control sequence at the end of the top line
of your error message was never \def'ed. If you have
misspelled it (e.g., `\hobx'), type `I' and the correct
spelling (e.g., `I\hbox'). Otherwise just continue,
and I'll forget about whatever was undefined.

./assinmen.tex:595: Undefined control sequence.
<argument> ...olumnwidth - 10\tabcolsep ) * \real 
                                                  {0.1750}} >{\raggedright \...
l.595 ...idth - 10\tabcolsep) * \real{0.1624}}@{}}
                                                  
The control sequence at the end of the top line
of your error message was never \def'ed. If you have
misspelled it (e.g., `\hobx'), type `I' and the correct
spelling (e.g., `I\hbox'). Otherwise just continue,
and I'll forget about whatever was undefined.

./assinmen.tex:595: Undefined control sequence.
<argument> ...50}} >{\raggedright \arraybackslash 
                                                  }p{(\columnwidth - 10\tabc...
l.595 ...idth - 10\tabcolsep) * \real{0.1624}}@{}}
                                                  
The control sequence at the end of the top line
of your error message was never \def'ed. If you have
misspelled it (e.g., `\hobx'), type `I' and the correct
spelling (e.g., `I\hbox'). Otherwise just continue,
and I'll forget about whatever was undefined.

./assinmen.tex:595: Undefined control sequence.
<argument> ...olumnwidth - 10\tabcolsep ) * \real 
                                                  {0.1754}} >{\raggedright \...
l.595 ...idth - 10\tabcolsep) * \real{0.1624}}@{}}
                                                  
The control sequence at the end of the top line
of your error message was never \def'ed. If you have
misspelled it (e.g., `\hobx'), type `I' and the correct
spelling (e.g., `I\hbox'). Otherwise just continue,
and I'll forget about whatever was undefined.

./assinmen.tex:595: Undefined control sequence.
<argument> ...54}} >{\raggedright \arraybackslash 
                                                  }p{(\columnwidth - 10\tabc...
l.595 ...idth - 10\tabcolsep) * \real{0.1624}}@{}}
                                                  
The control sequence at the end of the top line
of your error message was never \def'ed. If you have
misspelled it (e.g., `\hobx'), type `I' and the correct
spelling (e.g., `I\hbox'). Otherwise just continue,
and I'll forget about whatever was undefined.

./assinmen.tex:595: Undefined control sequence.
<argument> ...olumnwidth - 10\tabcolsep ) * \real 
                                                  {0.1377}} >{\raggedright \...
l.595 ...idth - 10\tabcolsep) * \real{0.1624}}@{}}
                                                  
The control sequence at the end of the top line
of your error message was never \def'ed. If you have
misspelled it (e.g., `\hobx'), type `I' and the correct
spelling (e.g., `I\hbox'). Otherwise just continue,
and I'll forget about whatever was undefined.

./assinmen.tex:595: Undefined control sequence.
<argument> ...77}} >{\raggedright \arraybackslash 
                                                  }p{(\columnwidth - 10\tabc...
l.595 ...idth - 10\tabcolsep) * \real{0.1624}}@{}}
                                                  
The control sequence at the end of the top line
of your error message was never \def'ed. If you have
misspelled it (e.g., `\hobx'), type `I' and the correct
spelling (e.g., `I\hbox'). Otherwise just continue,
and I'll forget about whatever was undefined.

./assinmen.tex:595: Undefined control sequence.
<argument> ...olumnwidth - 10\tabcolsep ) * \real 
                                                  {0.1619}} >{\raggedright \...
l.595 ...idth - 10\tabcolsep) * \real{0.1624}}@{}}
                                                  
The control sequence at the end of the top line
of your error message was never \def'ed. If you have
misspelled it (e.g., `\hobx'), type `I' and the correct
spelling (e.g., `I\hbox'). Otherwise just continue,
and I'll forget about whatever was undefined.

./assinmen.tex:595: Undefined control sequence.
<argument> ...19}} >{\raggedright \arraybackslash 
                                                  }p{(\columnwidth - 10\tabc...
l.595 ...idth - 10\tabcolsep) * \real{0.1624}}@{}}
                                                  
The control sequence at the end of the top line
of your error message was never \def'ed. If you have
misspelled it (e.g., `\hobx'), type `I' and the correct
spelling (e.g., `I\hbox'). Otherwise just continue,
and I'll forget about whatever was undefined.

./assinmen.tex:595: Undefined control sequence.
<argument> ...olumnwidth - 10\tabcolsep ) * \real 
                                                  {0.1624}}@{}
l.595 ...idth - 10\tabcolsep) * \real{0.1624}}@{}}
                                                  
The control sequence at the end of the top line
of your error message was never \def'ed. If you have
misspelled it (e.g., `\hobx'), type `I' and the correct
spelling (e.g., `I\hbox'). Otherwise just continue,
and I'll forget about whatever was undefined.


./assinmen.tex:595: LaTeX Error: Illegal character in array arg.

See the LaTeX manual or LaTeX Companion for explanation.
Type  H <return>  for immediate help.
 ...                                              
                                                  
l.595 ...idth - 10\tabcolsep) * \real{0.1624}}@{}}
                                                  
You're in trouble here.  Try typing  <return>  to proceed.
If that doesn't work, type  X <return>  to quit.


./assinmen.tex:595: LaTeX Error: Illegal character in array arg.

See the LaTeX manual or LaTeX Companion for explanation.
Type  H <return>  for immediate help.
 ...                                              
                                                  
l.595 ...idth - 10\tabcolsep) * \real{0.1624}}@{}}
                                                  
You're in trouble here.  Try typing  <return>  to proceed.
If that doesn't work, type  X <return>  to quit.


./assinmen.tex:595: LaTeX Error: Illegal character in array arg.

See the LaTeX manual or LaTeX Companion for explanation.
Type  H <return>  for immediate help.
 ...                                              
                                                  
l.595 ...idth - 10\tabcolsep) * \real{0.1624}}@{}}
                                                  
You're in trouble here.  Try typing  <return>  to proceed.
If that doesn't work, type  X <return>  to quit.


./assinmen.tex:595: LaTeX Error: Illegal character in array arg.

See the LaTeX manual or LaTeX Companion for explanation.
Type  H <return>  for immediate help.
 ...                                              
                                                  
l.595 ...idth - 10\tabcolsep) * \real{0.1624}}@{}}
                                                  
You're in trouble here.  Try typing  <return>  to proceed.
If that doesn't work, type  X <return>  to quit.


./assinmen.tex:595: LaTeX Error: Illegal character in array arg.

See the LaTeX manual or LaTeX Companion for explanation.
Type  H <return>  for immediate help.
 ...                                              
                                                  
l.595 ...idth - 10\tabcolsep) * \real{0.1624}}@{}}
                                                  
You're in trouble here.  Try typing  <return>  to proceed.
If that doesn't work, type  X <return>  to quit.


./assinmen.tex:595: LaTeX Error: Illegal character in array arg.

See the LaTeX manual or LaTeX Companion for explanation.
Type  H <return>  for immediate help.
 ...                                              
                                                  
l.595 ...idth - 10\tabcolsep) * \real{0.1624}}@{}}
                                                  
You're in trouble here.  Try typing  <return>  to proceed.
If that doesn't work, type  X <return>  to quit.

./assinmen.tex:596: Undefined control sequence.
l.596 \toprule
              \noalign{}
The control sequence at the end of the top line
of your error message was never \def'ed. If you have
misspelled it (e.g., `\hobx'), type `I' and the correct
spelling (e.g., `I\hbox'). Otherwise just continue,
and I'll forget about whatever was undefined.

./assinmen.tex:605: Missing number, treated as zero.
<to be read again> 
                   (
l.605 \end{minipage} & \begin
                             {minipage}[b]{\linewidth}\raggedright
A number should have been here; I inserted `0'.
(If you can't figure out why I needed to see a number,
look up `weird error' in the index to The TeXbook.)

./assinmen.tex:605: Illegal unit of measure (pt inserted).
<to be read again> 
                   (
l.605 \end{minipage} & \begin
                             {minipage}[b]{\linewidth}\raggedright
Dimensions can be in units of em, ex, in, pt, pc,
cm, mm, dd, cc, nd, nc, bp, or sp; but yours is a new one!
I'll assume that you meant to say pt, for printer's points.
To recover gracefully from this error, it's best to
delete the erroneous units; e.g., type `2' to delete
two letters. (See Chapter 27 of The TeXbook.)


Overfull \hbox (58.74939pt too wide) in paragraph at lines 607--608
[] 
 []


Overfull \hbox (82.57137pt too wide) in paragraph at lines 607--608
\OT1/cmr/m/n/12 Very 
 []


Overfull \hbox (83.22414pt too wide) in paragraph at lines 607--608
\OT1/cmr/m/n/12 High 
 []


Overfull \hbox (64.62433pt too wide) in paragraph at lines 607--608
\OT1/cmr/m/n/12 -- 
 []


Overfull \hbox (58.74939pt too wide) in paragraph at lines 607--608
 
 []


Overfull \hbox (78.49364pt too wide) in paragraph at lines 607--608
\OT1/cmr/m/n/12 Full 
 []


Overfull \hbox (80.29083pt too wide) in paragraph at lines 607--608
\OT1/cmr/m/n/12 con- 
 []


Overfull \hbox (77.02698pt too wide) in paragraph at lines 607--608
\OT1/cmr/m/n/12 trol 
 []


Overfull \hbox (79.96445pt too wide) in paragraph at lines 607--608
\OT1/cmr/m/n/12 over 
 []


Overfull \hbox (81.59637pt too wide) in paragraph at lines 607--608
\OT1/cmr/m/n/12 data 
 []


Overfull \hbox (77.67975pt too wide) in paragraph at lines 607--608
\OT1/cmr/m/n/12 and 
 []


Overfull \hbox (83.55469pt too wide) in paragraph at lines 607--608
\OT1/cmr/m/n/12 com- 
 []


Overfull \hbox (75.72144pt too wide) in paragraph at lines 607--608
\OT1/cmr/m/n/12 pli- 
 []


Overfull \hbox (81.59637pt too wide) in paragraph at lines 607--608
\OT1/cmr/m/n/12 ance  
 []


Overfull \hbox (26.76361pt too wide) in paragraph at lines 605--609
[]\OT1/cmr/m/n/12 ()
 []


Overfull \hbox (5.87494pt too wide) in paragraph at lines 605--609
\OT1/cmr/m/n/12 *
 []


Overfull \hbox (32.63855pt too wide) in paragraph at lines 605--609
\OT1/cmr/m/n/12 0.1876[]| 
 []

./assinmen.tex:617: Missing number, treated as zero.
<to be read again> 
                   (
l.617 \end{minipage} & \begin
                             {minipage}[b]{\linewidth}\raggedright
A number should have been here; I inserted `0'.
(If you can't figure out why I needed to see a number,
look up `weird error' in the index to The TeXbook.)

./assinmen.tex:617: Illegal unit of measure (pt inserted).
<to be read again> 
                   (
l.617 \end{minipage} & \begin
                             {minipage}[b]{\linewidth}\raggedright
Dimensions can be in units of em, ex, in, pt, pc,
cm, mm, dd, cc, nd, nc, bp, or sp; but yours is a new one!
I'll assume that you meant to say pt, for printer's points.
To recover gracefully from this error, it's best to
delete the erroneous units; e.g., type `2' to delete
two letters. (See Chapter 27 of The TeXbook.)


Overfull \hbox (58.74939pt too wide) in paragraph at lines 619--620
[] 
 []


Overfull \hbox (93.57265pt too wide) in paragraph at lines 619--620
\OT1/cmr/m/n/12 Banks, 
 []


Overfull \hbox (83.63525pt too wide) in paragraph at lines 619--620
\OT1/cmr/m/n/12 Gov- 
 []


Overfull \hbox (78.98529pt too wide) in paragraph at lines 619--620
\OT1/cmr/m/n/12 ern- 
 []


Overfull \hbox (92.43237pt too wide) in paragraph at lines 619--620
\OT1/cmr/m/n/12 ments, 
 []


Overfull \hbox (76.86171pt too wide) in paragraph at lines 619--620
\OT1/cmr/m/n/12 De- 
 []


Overfull \hbox (87.7977pt too wide) in paragraph at lines 619--620
\OT1/cmr/m/n/12 fence, 
 []


Overfull \hbox (87.63243pt too wide) in paragraph at lines 619--620
\OT1/cmr/m/n/12 Large 
 []


Overfull \hbox (77.1881pt too wide) in paragraph at lines 619--620
\OT1/cmr/m/n/12 En- 
 []


Overfull \hbox (77.02698pt too wide) in paragraph at lines 619--620
\OT1/cmr/m/n/12 ter- 
 []


Overfull \hbox (87.60187pt too wide) in paragraph at lines 619--620
\OT1/cmr/m/n/12 prises  
 []


Overfull \hbox (26.76361pt too wide) in paragraph at lines 617--622
[]\OT1/cmr/m/n/12 ()
 []


Overfull \hbox (5.87494pt too wide) in paragraph at lines 617--622
\OT1/cmr/m/n/12 *
 []


Overfull \hbox (32.63855pt too wide) in paragraph at lines 617--622
\OT1/cmr/m/n/12 0.1750[]| 
 []

./assinmen.tex:622: Undefined control sequence.
<recently read> \midrule 
                         
l.622 \midrule
              \noalign{}
The control sequence at the end of the top line
of your error message was never \def'ed. If you have
misspelled it (e.g., `\hobx'), type `I' and the correct
spelling (e.g., `I\hbox'). Otherwise just continue,
and I'll forget about whatever was undefined.


Overfull \hbox (1118.50128pt too wide) in alignment at lines 595--623
 [] [] [] [] [] [] [] [] [] [] [] [] [] [] [] [] [] [] 
 []

./assinmen.tex:624: Undefined control sequence.
l.624 \bottomrule
                 \noalign{}
The control sequence at the end of the top line
of your error message was never \def'ed. If you have
misspelled it (e.g., `\hobx'), type `I' and the correct
spelling (e.g., `I\hbox'). Otherwise just continue,
and I'll forget about whatever was undefined.


Overfull \hbox (1118.50128pt too wide) in alignment at lines 623--625
 [] [] [] [] [] [] [] [] [] [] [] [] [] [] [] [] [] [] 
 []


Overfull \hbox (1118.50128pt too wide) in alignment at lines 625--626
 [] [] [] [] [] [] [] [] [] [] [] [] [] [] [] [] [] [] 
 []

./assinmen.tex:634: Undefined control sequence.
<argument> @{} >{\raggedright \arraybackslash 
                                              }p{(\columnwidth - 10\tabcolse...
l.634 ...idth - 10\tabcolsep) * \real{0.1624}}@{}}
                                                  
The control sequence at the end of the top line
of your error message was never \def'ed. If you have
misspelled it (e.g., `\hobx'), type `I' and the correct
spelling (e.g., `I\hbox'). Otherwise just continue,
and I'll forget about whatever was undefined.

./assinmen.tex:634: Undefined control sequence.
<argument> ...olumnwidth - 10\tabcolsep ) * \real 
                                                  {0.1876}} >{\raggedright \...
l.634 ...idth - 10\tabcolsep) * \real{0.1624}}@{}}
                                                  
The control sequence at the end of the top line
of your error message was never \def'ed. If you have
misspelled it (e.g., `\hobx'), type `I' and the correct
spelling (e.g., `I\hbox'). Otherwise just continue,
and I'll forget about whatever was undefined.

./assinmen.tex:634: Undefined control sequence.
<argument> ...76}} >{\raggedright \arraybackslash 
                                                  }p{(\columnwidth - 10\tabc...
l.634 ...idth - 10\tabcolsep) * \real{0.1624}}@{}}
                                                  
The control sequence at the end of the top line
of your error message was never \def'ed. If you have
misspelled it (e.g., `\hobx'), type `I' and the correct
spelling (e.g., `I\hbox'). Otherwise just continue,
and I'll forget about whatever was undefined.

./assinmen.tex:634: Undefined control sequence.
<argument> ...olumnwidth - 10\tabcolsep ) * \real 
                                                  {0.1750}} >{\raggedright \...
l.634 ...idth - 10\tabcolsep) * \real{0.1624}}@{}}
                                                  
The control sequence at the end of the top line
of your error message was never \def'ed. If you have
misspelled it (e.g., `\hobx'), type `I' and the correct
spelling (e.g., `I\hbox'). Otherwise just continue,
and I'll forget about whatever was undefined.

./assinmen.tex:634: Undefined control sequence.
<argument> ...50}} >{\raggedright \arraybackslash 
                                                  }p{(\columnwidth - 10\tabc...
l.634 ...idth - 10\tabcolsep) * \real{0.1624}}@{}}
                                                  
The control sequence at the end of the top line
of your error message was never \def'ed. If you have
misspelled it (e.g., `\hobx'), type `I' and the correct
spelling (e.g., `I\hbox'). Otherwise just continue,
and I'll forget about whatever was undefined.

./assinmen.tex:634: Undefined control sequence.
<argument> ...olumnwidth - 10\tabcolsep ) * \real 
                                                  {0.1750}} >{\raggedright \...
l.634 ...idth - 10\tabcolsep) * \real{0.1624}}@{}}
                                                  
The control sequence at the end of the top line
of your error message was never \def'ed. If you have
misspelled it (e.g., `\hobx'), type `I' and the correct
spelling (e.g., `I\hbox'). Otherwise just continue,
and I'll forget about whatever was undefined.

./assinmen.tex:634: Undefined control sequence.
<argument> ...50}} >{\raggedright \arraybackslash 
                                                  }p{(\columnwidth - 10\tabc...
l.634 ...idth - 10\tabcolsep) * \real{0.1624}}@{}}
                                                  
The control sequence at the end of the top line
of your error message was never \def'ed. If you have
misspelled it (e.g., `\hobx'), type `I' and the correct
spelling (e.g., `I\hbox'). Otherwise just continue,
and I'll forget about whatever was undefined.

./assinmen.tex:634: Undefined control sequence.
<argument> ...olumnwidth - 10\tabcolsep ) * \real 
                                                  {0.1375}} >{\raggedright \...
l.634 ...idth - 10\tabcolsep) * \real{0.1624}}@{}}
                                                  
The control sequence at the end of the top line
of your error message was never \def'ed. If you have
misspelled it (e.g., `\hobx'), type `I' and the correct
spelling (e.g., `I\hbox'). Otherwise just continue,
and I'll forget about whatever was undefined.

./assinmen.tex:634: Undefined control sequence.
<argument> ...75}} >{\raggedright \arraybackslash 
                                                  }p{(\columnwidth - 10\tabc...
l.634 ...idth - 10\tabcolsep) * \real{0.1624}}@{}}
                                                  
The control sequence at the end of the top line
of your error message was never \def'ed. If you have
misspelled it (e.g., `\hobx'), type `I' and the correct
spelling (e.g., `I\hbox'). Otherwise just continue,
and I'll forget about whatever was undefined.

./assinmen.tex:634: Undefined control sequence.
<argument> ...olumnwidth - 10\tabcolsep ) * \real 
                                                  {0.1625}} >{\raggedright \...
l.634 ...idth - 10\tabcolsep) * \real{0.1624}}@{}}
                                                  
The control sequence at the end of the top line
of your error message was never \def'ed. If you have
misspelled it (e.g., `\hobx'), type `I' and the correct
spelling (e.g., `I\hbox'). Otherwise just continue,
and I'll forget about whatever was undefined.

./assinmen.tex:634: Undefined control sequence.
<argument> ...25}} >{\raggedright \arraybackslash 
                                                  }p{(\columnwidth - 10\tabc...
l.634 ...idth - 10\tabcolsep) * \real{0.1624}}@{}}
                                                  
The control sequence at the end of the top line
of your error message was never \def'ed. If you have
misspelled it (e.g., `\hobx'), type `I' and the correct
spelling (e.g., `I\hbox'). Otherwise just continue,
and I'll forget about whatever was undefined.

./assinmen.tex:634: Undefined control sequence.
<argument> ...olumnwidth - 10\tabcolsep ) * \real 
                                                  {0.1624}}@{}
l.634 ...idth - 10\tabcolsep) * \real{0.1624}}@{}}
                                                  
The control sequence at the end of the top line
of your error message was never \def'ed. If you have
misspelled it (e.g., `\hobx'), type `I' and the correct
spelling (e.g., `I\hbox'). Otherwise just continue,
and I'll forget about whatever was undefined.


./assinmen.tex:634: LaTeX Error: Illegal character in array arg.

See the LaTeX manual or LaTeX Companion for explanation.
Type  H <return>  for immediate help.
 ...                                              
                                                  
l.634 ...idth - 10\tabcolsep) * \real{0.1624}}@{}}
                                                  
You're in trouble here.  Try typing  <return>  to proceed.
If that doesn't work, type  X <return>  to quit.


./assinmen.tex:634: LaTeX Error: Illegal character in array arg.

See the LaTeX manual or LaTeX Companion for explanation.
Type  H <return>  for immediate help.
 ...                                              
                                                  
l.634 ...idth - 10\tabcolsep) * \real{0.1624}}@{}}
                                                  
You're in trouble here.  Try typing  <return>  to proceed.
If that doesn't work, type  X <return>  to quit.


./assinmen.tex:634: LaTeX Error: Illegal character in array arg.

See the LaTeX manual or LaTeX Companion for explanation.
Type  H <return>  for immediate help.
 ...                                              
                                                  
l.634 ...idth - 10\tabcolsep) * \real{0.1624}}@{}}
                                                  
You're in trouble here.  Try typing  <return>  to proceed.
If that doesn't work, type  X <return>  to quit.


./assinmen.tex:634: LaTeX Error: Illegal character in array arg.

See the LaTeX manual or LaTeX Companion for explanation.
Type  H <return>  for immediate help.
 ...                                              
                                                  
l.634 ...idth - 10\tabcolsep) * \real{0.1624}}@{}}
                                                  
You're in trouble here.  Try typing  <return>  to proceed.
If that doesn't work, type  X <return>  to quit.


./assinmen.tex:634: LaTeX Error: Illegal character in array arg.

See the LaTeX manual or LaTeX Companion for explanation.
Type  H <return>  for immediate help.
 ...                                              
                                                  
l.634 ...idth - 10\tabcolsep) * \real{0.1624}}@{}}
                                                  
You're in trouble here.  Try typing  <return>  to proceed.
If that doesn't work, type  X <return>  to quit.


./assinmen.tex:634: LaTeX Error: Illegal character in array arg.

See the LaTeX manual or LaTeX Companion for explanation.
Type  H <return>  for immediate help.
 ...                                              
                                                  
l.634 ...idth - 10\tabcolsep) * \real{0.1624}}@{}}
                                                  
You're in trouble here.  Try typing  <return>  to proceed.
If that doesn't work, type  X <return>  to quit.

./assinmen.tex:635: Undefined control sequence.
l.635 \toprule
              \noalign{}
The control sequence at the end of the top line
of your error message was never \def'ed. If you have
misspelled it (e.g., `\hobx'), type `I' and the correct
spelling (e.g., `I\hbox'). Otherwise just continue,
and I'll forget about whatever was undefined.

./assinmen.tex:644: Missing number, treated as zero.
<to be read again> 
                   (
l.644 \end{minipage} & \begin
                             {minipage}[b]{\linewidth}\raggedright
A number should have been here; I inserted `0'.
(If you can't figure out why I needed to see a number,
look up `weird error' in the index to The TeXbook.)

./assinmen.tex:644: Illegal unit of measure (pt inserted).
<to be read again> 
                   (
l.644 \end{minipage} & \begin
                             {minipage}[b]{\linewidth}\raggedright
Dimensions can be in units of em, ex, in, pt, pc,
cm, mm, dd, cc, nd, nc, bp, or sp; but yours is a new one!
I'll assume that you meant to say pt, for printer's points.
To recover gracefully from this error, it's best to
delete the erroneous units; e.g., type `2' to delete
two letters. (See Chapter 27 of The TeXbook.)


Overfull \hbox (58.74939pt too wide) in paragraph at lines 646--647
[] 
 []


Overfull \hbox (83.22414pt too wide) in paragraph at lines 646--647
\OT1/cmr/m/n/12 High 
 []


Overfull \hbox (64.62433pt too wide) in paragraph at lines 646--647
\OT1/cmr/m/n/12 -- 
 []


Overfull \hbox (58.74939pt too wide) in paragraph at lines 646--647
 
 []


Overfull \hbox (80.9436pt too wide) in paragraph at lines 646--647
\OT1/cmr/m/n/12 Sen- 
 []


Overfull \hbox (70.56454pt too wide) in paragraph at lines 646--647
\OT1/cmr/m/n/12 si- 
 []


Overfull \hbox (77.67975pt too wide) in paragraph at lines 646--647
\OT1/cmr/m/n/12 tive 
 []


Overfull \hbox (75.06866pt too wide) in paragraph at lines 646--647
\OT1/cmr/m/n/12 op- 
 []


Overfull \hbox (72.45758pt too wide) in paragraph at lines 646--647
\OT1/cmr/m/n/12 er- 
 []


Overfull \hbox (68.54095pt too wide) in paragraph at lines 646--647
\OT1/cmr/m/n/12 a- 
 []


Overfull \hbox (83.61996pt too wide) in paragraph at lines 646--647
\OT1/cmr/m/n/12 tions 
 []


Overfull \hbox (68.54095pt too wide) in paragraph at lines 646--647
\OT1/cmr/m/n/12 in 
 []


Overfull \hbox (77.02698pt too wide) in paragraph at lines 646--647
\OT1/cmr/m/n/12 pri- 
 []


Overfull \hbox (83.2283pt too wide) in paragraph at lines 646--647
\OT1/cmr/m/n/12 vate, 
 []


Overfull \hbox (81.26999pt too wide) in paragraph at lines 646--647
\OT1/cmr/m/n/12 bulk 
 []


Overfull \hbox (87.47131pt too wide) in paragraph at lines 646--647
\OT1/cmr/m/n/12 work- 
 []


Overfull \hbox (84.9255pt too wide) in paragraph at lines 646--647
\OT1/cmr/m/n/12 loads 
 []


Overfull \hbox (68.54095pt too wide) in paragraph at lines 646--647
\OT1/cmr/m/n/12 in 
 []


Overfull \hbox (82.24915pt too wide) in paragraph at lines 646--647
\OT1/cmr/m/n/12 pub- 
 []


Overfull \hbox (70.49927pt too wide) in paragraph at lines 646--647
\OT1/cmr/m/n/12 lic  
 []


Overfull \hbox (26.76361pt too wide) in paragraph at lines 644--648
[]\OT1/cmr/m/n/12 ()
 []


Overfull \hbox (5.87494pt too wide) in paragraph at lines 644--648
\OT1/cmr/m/n/12 *
 []


Overfull \hbox (32.63855pt too wide) in paragraph at lines 644--648
\OT1/cmr/m/n/12 0.1876[]| 
 []

./assinmen.tex:656: Missing number, treated as zero.
<to be read again> 
                   (
l.656 \end{minipage} & \begin
                             {minipage}[b]{\linewidth}\raggedright
A number should have been here; I inserted `0'.
(If you can't figure out why I needed to see a number,
look up `weird error' in the index to The TeXbook.)

./assinmen.tex:656: Illegal unit of measure (pt inserted).
<to be read again> 
                   (
l.656 \end{minipage} & \begin
                             {minipage}[b]{\linewidth}\raggedright
Dimensions can be in units of em, ex, in, pt, pc,
cm, mm, dd, cc, nd, nc, bp, or sp; but yours is a new one!
I'll assume that you meant to say pt, for printer's points.
To recover gracefully from this error, it's best to
delete the erroneous units; e.g., type `2' to delete
two letters. (See Chapter 27 of The TeXbook.)


Overfull \hbox (58.74939pt too wide) in paragraph at lines 658--659
[] 
 []


Overfull \hbox (116.15852pt too wide) in paragraph at lines 658--659
\OT1/cmr/m/n/12 Enterprises 
 []


Overfull \hbox (81.59637pt too wide) in paragraph at lines 658--659
\OT1/cmr/m/n/12 with 
 []


Overfull \hbox (81.92276pt too wide) in paragraph at lines 658--659
\OT1/cmr/m/n/12 vari- 
 []


Overfull \hbox (79.63806pt too wide) in paragraph at lines 658--659
\OT1/cmr/m/n/12 able 
 []


Overfull \hbox (87.47131pt too wide) in paragraph at lines 658--659
\OT1/cmr/m/n/12 work- 
 []


Overfull \hbox (84.9255pt too wide) in paragraph at lines 658--659
\OT1/cmr/m/n/12 loads 
 []


Overfull \hbox (69.19373pt too wide) in paragraph at lines 658--659
\OT1/cmr/m/n/12 or 
 []


Overfull \hbox (81.66165pt too wide) in paragraph at lines 658--659
\OT1/cmr/m/n/12 scal- 
 []


Overfull \hbox (74.4159pt too wide) in paragraph at lines 658--659
\OT1/cmr/m/n/12 ing 
 []


Overfull \hbox (86.88382pt too wide) in paragraph at lines 658--659
\OT1/cmr/m/n/12 needs  
 []


Overfull \hbox (26.76361pt too wide) in paragraph at lines 656--661
[]\OT1/cmr/m/n/12 ()
 []


Overfull \hbox (5.87494pt too wide) in paragraph at lines 656--661
\OT1/cmr/m/n/12 *
 []


Overfull \hbox (32.63855pt too wide) in paragraph at lines 656--661
\OT1/cmr/m/n/12 0.1750[]| 
 []

./assinmen.tex:661: Undefined control sequence.
<recently read> \midrule 
                         
l.661 \midrule
              \noalign{}
The control sequence at the end of the top line
of your error message was never \def'ed. If you have
misspelled it (e.g., `\hobx'), type `I' and the correct
spelling (e.g., `I\hbox'). Otherwise just continue,
and I'll forget about whatever was undefined.


Overfull \hbox (1118.50128pt too wide) in alignment at lines 634--662
 [] [] [] [] [] [] [] [] [] [] [] [] [] [] [] [] [] [] 
 []

./assinmen.tex:663: Undefined control sequence.
l.663 \bottomrule
                 \noalign{}
The control sequence at the end of the top line
of your error message was never \def'ed. If you have
misspelled it (e.g., `\hobx'), type `I' and the correct
spelling (e.g., `I\hbox'). Otherwise just continue,
and I'll forget about whatever was undefined.


Overfull \hbox (1118.50128pt too wide) in alignment at lines 662--664
 [] [] [] [] [] [] [] [] [] [] [] [] [] [] [] [] [] [] 
 []


Overfull \hbox (1118.50128pt too wide) in alignment at lines 664--665
 [] [] [] [] [] [] [] [] [] [] [] [] [] [] [] [] [] [] 
 []



[11]
./assinmen.tex:673: Undefined control sequence.
<argument> @{} >{\raggedright \arraybackslash 
                                              }p{(\columnwidth - 10\tabcolse...
l.673 ...idth - 10\tabcolsep) * \real{0.1604}}@{}}
                                                  
The control sequence at the end of the top line
of your error message was never \def'ed. If you have
misspelled it (e.g., `\hobx'), type `I' and the correct
spelling (e.g., `I\hbox'). Otherwise just continue,
and I'll forget about whatever was undefined.

./assinmen.tex:673: Undefined control sequence.
<argument> ...olumnwidth - 10\tabcolsep ) * \real 
                                                  {0.1896}} >{\raggedright \...
l.673 ...idth - 10\tabcolsep) * \real{0.1604}}@{}}
                                                  
The control sequence at the end of the top line
of your error message was never \def'ed. If you have
misspelled it (e.g., `\hobx'), type `I' and the correct
spelling (e.g., `I\hbox'). Otherwise just continue,
and I'll forget about whatever was undefined.

./assinmen.tex:673: Undefined control sequence.
<argument> ...96}} >{\raggedright \arraybackslash 
                                                  }p{(\columnwidth - 10\tabc...
l.673 ...idth - 10\tabcolsep) * \real{0.1604}}@{}}
                                                  
The control sequence at the end of the top line
of your error message was never \def'ed. If you have
misspelled it (e.g., `\hobx'), type `I' and the correct
spelling (e.g., `I\hbox'). Otherwise just continue,
and I'll forget about whatever was undefined.

./assinmen.tex:673: Undefined control sequence.
<argument> ...olumnwidth - 10\tabcolsep ) * \real 
                                                  {0.1750}} >{\raggedright \...
l.673 ...idth - 10\tabcolsep) * \real{0.1604}}@{}}
                                                  
The control sequence at the end of the top line
of your error message was never \def'ed. If you have
misspelled it (e.g., `\hobx'), type `I' and the correct
spelling (e.g., `I\hbox'). Otherwise just continue,
and I'll forget about whatever was undefined.

./assinmen.tex:673: Undefined control sequence.
<argument> ...50}} >{\raggedright \arraybackslash 
                                                  }p{(\columnwidth - 10\tabc...
l.673 ...idth - 10\tabcolsep) * \real{0.1604}}@{}}
                                                  
The control sequence at the end of the top line
of your error message was never \def'ed. If you have
misspelled it (e.g., `\hobx'), type `I' and the correct
spelling (e.g., `I\hbox'). Otherwise just continue,
and I'll forget about whatever was undefined.

./assinmen.tex:673: Undefined control sequence.
<argument> ...olumnwidth - 10\tabcolsep ) * \real 
                                                  {0.1750}} >{\raggedright \...
l.673 ...idth - 10\tabcolsep) * \real{0.1604}}@{}}
                                                  
The control sequence at the end of the top line
of your error message was never \def'ed. If you have
misspelled it (e.g., `\hobx'), type `I' and the correct
spelling (e.g., `I\hbox'). Otherwise just continue,
and I'll forget about whatever was undefined.

./assinmen.tex:673: Undefined control sequence.
<argument> ...50}} >{\raggedright \arraybackslash 
                                                  }p{(\columnwidth - 10\tabc...
l.673 ...idth - 10\tabcolsep) * \real{0.1604}}@{}}
                                                  
The control sequence at the end of the top line
of your error message was never \def'ed. If you have
misspelled it (e.g., `\hobx'), type `I' and the correct
spelling (e.g., `I\hbox'). Otherwise just continue,
and I'll forget about whatever was undefined.

./assinmen.tex:673: Undefined control sequence.
<argument> ...olumnwidth - 10\tabcolsep ) * \real 
                                                  {0.1375}} >{\raggedright \...
l.673 ...idth - 10\tabcolsep) * \real{0.1604}}@{}}
                                                  
The control sequence at the end of the top line
of your error message was never \def'ed. If you have
misspelled it (e.g., `\hobx'), type `I' and the correct
spelling (e.g., `I\hbox'). Otherwise just continue,
and I'll forget about whatever was undefined.

./assinmen.tex:673: Undefined control sequence.
<argument> ...75}} >{\raggedright \arraybackslash 
                                                  }p{(\columnwidth - 10\tabc...
l.673 ...idth - 10\tabcolsep) * \real{0.1604}}@{}}
                                                  
The control sequence at the end of the top line
of your error message was never \def'ed. If you have
misspelled it (e.g., `\hobx'), type `I' and the correct
spelling (e.g., `I\hbox'). Otherwise just continue,
and I'll forget about whatever was undefined.

./assinmen.tex:673: Undefined control sequence.
<argument> ...olumnwidth - 10\tabcolsep ) * \real 
                                                  {0.1625}} >{\raggedright \...
l.673 ...idth - 10\tabcolsep) * \real{0.1604}}@{}}
                                                  
The control sequence at the end of the top line
of your error message was never \def'ed. If you have
misspelled it (e.g., `\hobx'), type `I' and the correct
spelling (e.g., `I\hbox'). Otherwise just continue,
and I'll forget about whatever was undefined.

./assinmen.tex:673: Undefined control sequence.
<argument> ...25}} >{\raggedright \arraybackslash 
                                                  }p{(\columnwidth - 10\tabc...
l.673 ...idth - 10\tabcolsep) * \real{0.1604}}@{}}
                                                  
The control sequence at the end of the top line
of your error message was never \def'ed. If you have
misspelled it (e.g., `\hobx'), type `I' and the correct
spelling (e.g., `I\hbox'). Otherwise just continue,
and I'll forget about whatever was undefined.

./assinmen.tex:673: Undefined control sequence.
<argument> ...olumnwidth - 10\tabcolsep ) * \real 
                                                  {0.1604}}@{}
l.673 ...idth - 10\tabcolsep) * \real{0.1604}}@{}}
                                                  
The control sequence at the end of the top line
of your error message was never \def'ed. If you have
misspelled it (e.g., `\hobx'), type `I' and the correct
spelling (e.g., `I\hbox'). Otherwise just continue,
and I'll forget about whatever was undefined.


./assinmen.tex:673: LaTeX Error: Illegal character in array arg.

See the LaTeX manual or LaTeX Companion for explanation.
Type  H <return>  for immediate help.
 ...                                              
                                                  
l.673 ...idth - 10\tabcolsep) * \real{0.1604}}@{}}
                                                  
You're in trouble here.  Try typing  <return>  to proceed.
If that doesn't work, type  X <return>  to quit.


./assinmen.tex:673: LaTeX Error: Illegal character in array arg.

See the LaTeX manual or LaTeX Companion for explanation.
Type  H <return>  for immediate help.
 ...                                              
                                                  
l.673 ...idth - 10\tabcolsep) * \real{0.1604}}@{}}
                                                  
You're in trouble here.  Try typing  <return>  to proceed.
If that doesn't work, type  X <return>  to quit.


./assinmen.tex:673: LaTeX Error: Illegal character in array arg.

See the LaTeX manual or LaTeX Companion for explanation.
Type  H <return>  for immediate help.
 ...                                              
                                                  
l.673 ...idth - 10\tabcolsep) * \real{0.1604}}@{}}
                                                  
You're in trouble here.  Try typing  <return>  to proceed.
If that doesn't work, type  X <return>  to quit.


./assinmen.tex:673: LaTeX Error: Illegal character in array arg.

See the LaTeX manual or LaTeX Companion for explanation.
Type  H <return>  for immediate help.
 ...                                              
                                                  
l.673 ...idth - 10\tabcolsep) * \real{0.1604}}@{}}
                                                  
You're in trouble here.  Try typing  <return>  to proceed.
If that doesn't work, type  X <return>  to quit.


./assinmen.tex:673: LaTeX Error: Illegal character in array arg.

See the LaTeX manual or LaTeX Companion for explanation.
Type  H <return>  for immediate help.
 ...                                              
                                                  
l.673 ...idth - 10\tabcolsep) * \real{0.1604}}@{}}
                                                  
You're in trouble here.  Try typing  <return>  to proceed.
If that doesn't work, type  X <return>  to quit.


./assinmen.tex:673: LaTeX Error: Illegal character in array arg.

See the LaTeX manual or LaTeX Companion for explanation.
Type  H <return>  for immediate help.
 ...                                              
                                                  
l.673 ...idth - 10\tabcolsep) * \real{0.1604}}@{}}
                                                  
You're in trouble here.  Try typing  <return>  to proceed.
If that doesn't work, type  X <return>  to quit.

./assinmen.tex:674: Undefined control sequence.
l.674 \toprule
              \noalign{}
The control sequence at the end of the top line
of your error message was never \def'ed. If you have
misspelled it (e.g., `\hobx'), type `I' and the correct
spelling (e.g., `I\hbox'). Otherwise just continue,
and I'll forget about whatever was undefined.

./assinmen.tex:683: Missing number, treated as zero.
<to be read again> 
                   (
l.683 \end{minipage} & \begin
                             {minipage}[b]{\linewidth}\raggedright
A number should have been here; I inserted `0'.
(If you can't figure out why I needed to see a number,
look up `weird error' in the index to The TeXbook.)

./assinmen.tex:683: Illegal unit of measure (pt inserted).
<to be read again> 
                   (
l.683 \end{minipage} & \begin
                             {minipage}[b]{\linewidth}\raggedright
Dimensions can be in units of em, ex, in, pt, pc,
cm, mm, dd, cc, nd, nc, bp, or sp; but yours is a new one!
I'll assume that you meant to say pt, for printer's points.
To recover gracefully from this error, it's best to
delete the erroneous units; e.g., type `2' to delete
two letters. (See Chapter 27 of The TeXbook.)


Overfull \hbox (58.74939pt too wide) in paragraph at lines 685--686
[] 
 []


Overfull \hbox (83.22414pt too wide) in paragraph at lines 685--686
\OT1/cmr/m/n/12 High 
 []


Overfull \hbox (64.62433pt too wide) in paragraph at lines 685--686
\OT1/cmr/m/n/12 -- 
 []


Overfull \hbox (58.74939pt too wide) in paragraph at lines 685--686
 
 []


Overfull \hbox (79.31168pt too wide) in paragraph at lines 685--686
\OT1/cmr/m/n/12 Tai- 
 []


Overfull \hbox (84.20746pt too wide) in paragraph at lines 685--686
\OT1/cmr/m/n/12 lored 
 []


Overfull \hbox (72.52286pt too wide) in paragraph at lines 685--686
\OT1/cmr/m/n/12 se- 
 []


Overfull \hbox (74.4159pt too wide) in paragraph at lines 685--686
\OT1/cmr/m/n/12 cu- 
 []


Overfull \hbox (77.02698pt too wide) in paragraph at lines 685--686
\OT1/cmr/m/n/12 rity 
 []


Overfull \hbox (67.88818pt too wide) in paragraph at lines 685--686
\OT1/cmr/m/n/12 & 
 []


Overfull \hbox (78.33252pt too wide) in paragraph at lines 685--686
\OT1/cmr/m/n/12 reg- 
 []


Overfull \hbox (69.19373pt too wide) in paragraph at lines 685--686
\OT1/cmr/m/n/12 u- 
 []


Overfull \hbox (71.80481pt too wide) in paragraph at lines 685--686
\OT1/cmr/m/n/12 la- 
 []


Overfull \hbox (79.96445pt too wide) in paragraph at lines 685--686
\OT1/cmr/m/n/12 tory 
 []


Overfull \hbox (83.55469pt too wide) in paragraph at lines 685--686
\OT1/cmr/m/n/12 com- 
 []


Overfull \hbox (75.72144pt too wide) in paragraph at lines 685--686
\OT1/cmr/m/n/12 pli- 
 []


Overfull \hbox (81.59637pt too wide) in paragraph at lines 685--686
\OT1/cmr/m/n/12 ance 
 []


Overfull \hbox (72.78397pt too wide) in paragraph at lines 685--686
\OT1/cmr/m/n/12 for 
 []


Overfull \hbox (75.06866pt too wide) in paragraph at lines 685--686
\OT1/cmr/m/n/12 the 
 []


Overfull \hbox (88.12408pt too wide) in paragraph at lines 685--686
\OT1/cmr/m/n/12 group  
 []


Overfull \hbox (26.76361pt too wide) in paragraph at lines 683--687
[]\OT1/cmr/m/n/12 ()
 []


Overfull \hbox (5.87494pt too wide) in paragraph at lines 683--687
\OT1/cmr/m/n/12 *
 []


Overfull \hbox (32.63855pt too wide) in paragraph at lines 683--687
\OT1/cmr/m/n/12 0.1896[]| 
 []

./assinmen.tex:695: Missing number, treated as zero.
<to be read again> 
                   (
l.695 \end{minipage} & \begin
                             {minipage}[b]{\linewidth}\raggedright
A number should have been here; I inserted `0'.
(If you can't figure out why I needed to see a number,
look up `weird error' in the index to The TeXbook.)

./assinmen.tex:695: Illegal unit of measure (pt inserted).
<to be read again> 
                   (
l.695 \end{minipage} & \begin
                             {minipage}[b]{\linewidth}\raggedright
Dimensions can be in units of em, ex, in, pt, pc,
cm, mm, dd, cc, nd, nc, bp, or sp; but yours is a new one!
I'll assume that you meant to say pt, for printer's points.
To recover gracefully from this error, it's best to
delete the erroneous units; e.g., type `2' to delete
two letters. (See Chapter 27 of The TeXbook.)


Overfull \hbox (58.74939pt too wide) in paragraph at lines 697--698
[] 
 []


Overfull \hbox (113.90437pt too wide) in paragraph at lines 697--698
\OT1/cmr/m/n/12 Healthcare 
 []


Overfull \hbox (71.80481pt too wide) in paragraph at lines 697--698
\OT1/cmr/m/n/12 al- 
 []


Overfull \hbox (96.02261pt too wide) in paragraph at lines 697--698
\OT1/cmr/m/n/12 liances, 
 []


Overfull \hbox (81.26582pt too wide) in paragraph at lines 697--698
\OT1/cmr/m/n/12 Uni- 
 []


Overfull \hbox (78.33252pt too wide) in paragraph at lines 697--698
\OT1/cmr/m/n/12 ver- 
 []


Overfull \hbox (70.56454pt too wide) in paragraph at lines 697--698
\OT1/cmr/m/n/12 si- 
 []


Overfull \hbox (79.70334pt too wide) in paragraph at lines 697--698
\OT1/cmr/m/n/12 ties, 
 []


Overfull \hbox (76.53532pt too wide) in paragraph at lines 697--698
\OT1/cmr/m/n/12 Re- 
 []


Overfull \hbox (90.47406pt too wide) in paragraph at lines 697--698
\OT1/cmr/m/n/12 search 
 []


Overfull \hbox (82.31442pt too wide) in paragraph at lines 697--698
\OT1/cmr/m/n/12 clus- 
 []


Overfull \hbox (77.74503pt too wide) in paragraph at lines 697--698
\OT1/cmr/m/n/12 ters  
 []


Overfull \hbox (26.76361pt too wide) in paragraph at lines 695--700
[]\OT1/cmr/m/n/12 ()
 []


Overfull \hbox (5.87494pt too wide) in paragraph at lines 695--700
\OT1/cmr/m/n/12 *
 []


Overfull \hbox (32.63855pt too wide) in paragraph at lines 695--700
\OT1/cmr/m/n/12 0.1750[]| 
 []

./assinmen.tex:700: Undefined control sequence.
<recently read> \midrule 
                         
l.700 \midrule
              \noalign{}
The control sequence at the end of the top line
of your error message was never \def'ed. If you have
misspelled it (e.g., `\hobx'), type `I' and the correct
spelling (e.g., `I\hbox'). Otherwise just continue,
and I'll forget about whatever was undefined.


Overfull \hbox (1118.50128pt too wide) in alignment at lines 673--701
 [] [] [] [] [] [] [] [] [] [] [] [] [] [] [] [] [] [] 
 []

./assinmen.tex:702: Undefined control sequence.
l.702 \bottomrule
                 \noalign{}
The control sequence at the end of the top line
of your error message was never \def'ed. If you have
misspelled it (e.g., `\hobx'), type `I' and the correct
spelling (e.g., `I\hbox'). Otherwise just continue,
and I'll forget about whatever was undefined.


Overfull \hbox (1118.50128pt too wide) in alignment at lines 701--703
 [] [] [] [] [] [] [] [] [] [] [] [] [] [] [] [] [] [] 
 []


Overfull \hbox (1118.50128pt too wide) in alignment at lines 703--704
 [] [] [] [] [] [] [] [] [] [] [] [] [] [] [] [] [] [] 
 []



[12]

[13]

[14]

[15]

[16]
Overfull \hbox (6.35104pt too wide) in paragraph at lines 975--979
[]\OT1/cmr/m/n/12 Maintain \OT1/cmr/bx/n/12 data sovereignty \OT1/cmr/m/n/12 (must store data within the coun-try/region) 
 []



[17]
Overfull \hbox (5.86076pt too wide) in paragraph at lines 1011--1013
[]\OT1/cmr/m/n/12 Ensuring com-pli-ance with \OT1/cmr/bx/n/12 EU data pro-tec-tion reg-u-la-tions (GDPR) 
 []


Overfull \hbox (5.76483pt too wide) in paragraph at lines 1045--1052
\OT1/cmr/m/n/12 care in-sti-tu-tions must com-ply with strict reg-u-la-tions such as \OT1/cmr/bx/n/12 HIPAA (Health
 []



[18]

[19]
Overfull \hbox (4.97504pt too wide) in paragraph at lines 1111--1113
[]\OT1/cmr/m/n/12 Promote \OT1/cmr/bx/n/12 ef-fi-ciency, cost sav-ings\OT1/cmr/m/n/12 , and bet-ter pa-tient out-comes through
 []



[20] (./assinmen.aux)
 ***********
LaTeX2e <2024-11-01> patch level 2
L3 programming layer <2025-01-18>
 ***********
 ) 
Here is how much of TeX's memory you used:
 1415 strings out of 475171
 22609 string characters out of 5767095
 414698 words of memory out of 5000000
 24451 multiletter control sequences out of 15000+600000
 560120 words of font info for 40 fonts, out of 8000000 for 9000
 14 hyphenation exceptions out of 8191
 57i,9n,65p,207b,244s stack positions out of 10000i,1000n,20000p,200000b,200000s
</usr/share/texmf-dist/fonts/type1/public/amsfonts/cm/cmbx12.pfb></usr/share/texmf-dist/fonts/type1/public/amsfonts/cm/cmr12.pfb></usr/share/texmf-dist/fonts/type1/public/cm-super/sfbx1200.pfb></usr/share/texmf-dist/fonts/type1/public/cm-super/sfrm1200.pfb>
Output written on assinmen.pdf (20 pages, 130034 bytes).
PDF statistics:
 92 PDF objects out of 1000 (max. 8388607)
 59 compressed objects within 1 object stream
 0 named destinations out of 1000 (max. 500000)
 6 words of extra memory for PDF output out of 10000 (max. 10000000)

