\BOOKMARK [1][-]{section.1}{\376\377\000U\000N\000I\000T\000\040\0001}{}% 1
\BOOKMARK [2][-]{subsection.1.1}{\376\377\000S\000e\000t\000\040\000T\000h\000e\000o\000r\000y}{section.1}% 2
\BOOKMARK [3][-]{subsubsection.1.1.1}{\376\377\000S\000e\000t\000s}{subsection.1.1}% 3
\BOOKMARK [3][-]{subsubsection.1.1.2}{\376\377\000E\000m\000p\000t\000y\000\040\000a\000n\000d\000\040\000U\000n\000i\000v\000e\000r\000s\000a\000l\000\040\000s\000e\000t}{subsection.1.1}% 4
\BOOKMARK [3][-]{subsubsection.1.1.3}{\376\377\000P\000o\000w\000e\000r\000\040\000S\000e\000t}{subsection.1.1}% 5
\BOOKMARK [2][-]{subsection.1.2}{\376\377\000R\000e\000p\000r\000e\000s\000e\000n\000t\000a\000t\000i\000o\000n\000\040\000o\000f\000\040\000S\000e\000t\000s}{section.1}% 6
\BOOKMARK [3][-]{subsubsection.1.2.1}{\376\377\000S\000e\000t\000\040\000b\000u\000i\000l\000d\000e\000r\000\040\000f\000o\000r\000m}{subsection.1.2}% 7
\BOOKMARK [3][-]{subsubsection.1.2.2}{\376\377\000R\000o\000a\000s\000t\000e\000r\000\040\000f\000o\000r\000m}{subsection.1.2}% 8
\BOOKMARK [2][-]{subsection.1.3}{\376\377\000O\000p\000e\000r\000a\000t\000i\000o\000n\000s\000\040\000o\000n\000\040\000s\000e\000t\000s}{section.1}% 9
\BOOKMARK [3][-]{subsubsection.1.3.1}{\376\377\000U\000n\000i\000o\000n\000\040\000o\000f\000\040\000S\000e\000t\000s\000\050\000\051}{subsection.1.3}% 10
\BOOKMARK [3][-]{subsubsection.1.3.2}{\376\377\000I\000n\000t\000e\000r\000s\000e\000c\000t\000i\000o\000n\000\040\000o\000f\000\040\000S\000e\000t\000s\000\050\000\051}{subsection.1.3}% 11
\BOOKMARK [3][-]{subsubsection.1.3.3}{\376\377\000D\000i\000f\000f\000e\000r\000e\000n\000c\000e\000\040\000o\000f\000\040\000S\000e\000t\000s\000\050\000-\000\051}{subsection.1.3}% 12
\BOOKMARK [3][-]{subsubsection.1.3.4}{\376\377\000S\000y\000m\000m\000e\000t\000r\000i\000c\000\040\000d\000i\000f\000f\000e\000r\000e\000n\000c\000e\000\040\000o\000f\000\040\000S\000e\000t\000s\000\050\000\051}{subsection.1.3}% 13
\BOOKMARK [2][-]{subsection.1.4}{\376\377\000V\000e\000n\000n\000\040\000d\000i\000a\000g\000r\000a\000m}{section.1}% 14
\BOOKMARK [2][-]{subsection.1.5}{\376\377\000D\000e\000-\000m\000o\000r\000g\000a\000n\000'\000s\000\040\000L\000a\000w}{section.1}% 15
\BOOKMARK [2][-]{subsection.1.6}{\376\377\000P\000a\000r\000t\000i\000t\000i\000o\000n\000\040\000o\000f\000\040\000s\000e\000t\000s}{section.1}% 16
\BOOKMARK [2][-]{subsection.1.7}{\376\377\000R\000e\000l\000a\000t\000i\000o\000n\000s}{section.1}% 17
\BOOKMARK [3][-]{subsubsection.1.7.1}{\376\377\000C\000o\000m\000p\000o\000s\000i\000t\000i\000o\000n\000\040\000o\000f\000\040\000R\000e\000l\000a\000t\000i\000o\000n\000s}{subsection.1.7}% 18
\BOOKMARK [3][-]{subsubsection.1.7.2}{\376\377\000E\000q\000u\000i\000v\000a\000l\000e\000n\000c\000e\000\040\000R\000e\000l\000a\000t\000i\000o\000n\000s}{subsection.1.7}% 19
\BOOKMARK [2][-]{subsection.1.8}{\376\377\000F\000u\000n\000c\000t\000i\000o\000n\000s}{section.1}% 20
\BOOKMARK [3][-]{subsubsection.1.8.1}{\376\377\000D\000o\000m\000i\000n\000,\000\040\000R\000a\000n\000g\000e\000\040\000a\000n\000d\000\040\000C\000o\000d\000o\000m\000a\000i\000n}{subsection.1.8}% 21
\BOOKMARK [3][-]{subsubsection.1.8.2}{\376\377\000O\000n\000e\000-\000o\000n\000e\000\040\000a\000n\000d\000\040\000O\000n\000t\000o\000\040\000f\000u\000n\000c\000t\000i\000o\000n}{subsection.1.8}% 22
\BOOKMARK [3][-]{subsubsection.1.8.3}{\376\377\000G\000e\000o\000m\000e\000t\000r\000i\000c\000a\000l\000\040\000c\000h\000a\000r\000a\000c\000t\000e\000r\000i\000s\000a\000t\000i\000o\000n\000\040\000o\000f\000\040\000o\000n\000e\000-\000o\000n\000e\000\040\000a\000n\000d\000\040\000o\000n\000t\000o\000\040\000f\000u\000n\000c\000t\000i\000o\000n\000s}{subsection.1.8}% 23
\BOOKMARK [2][-]{subsection.1.9}{\376\377\000C\000o\000m\000p\000o\000s\000i\000t\000i\000o\000n\000\040\000o\000f\000\040\000F\000u\000n\000c\000t\000i\000o\000n\000s}{section.1}% 24
\BOOKMARK [2][-]{subsection.1.10}{\376\377\000I\000n\000d\000u\000c\000t\000i\000o\000n}{section.1}% 25
\BOOKMARK [3][-]{subsubsection.1.10.1}{\376\377\000P\000r\000i\000n\000c\000i\000p\000l\000e\000\040\000o\000f\000\040\000M\000a\000t\000h\000e\000m\000a\000t\000i\000c\000a\000l\000\040\000I\000n\000d\000u\000c\000t\000i\000o\000n}{subsection.1.10}% 26
\BOOKMARK [2][-]{subsection.1.11}{\376\377\000R\000e\000c\000u\000r\000s\000i\000o\000n}{section.1}% 27
\BOOKMARK [3][-]{subsubsection.1.11.1}{\376\377\000L\000i\000n\000e\000a\000r\000\040\000r\000e\000c\000u\000r\000r\000e\000n\000c\000e\000\040\000r\000e\000l\000a\000t\000i\000o\000n\000s\000\040\000w\000i\000t\000h\000\040\000c\000o\000n\000s\000t\000a\000n\000t\000\040\000c\000o\000e\000f\000f\000i\000c\000i\000e\000n\000t\000s}{subsection.1.11}% 28
\BOOKMARK [1][-]{section.2}{\376\377\000L\000o\000g\000i\000c\000\040\000a\000n\000d\000\040\000P\000r\000o\000o\000f\000\040\000T\000e\000c\000h\000n\000i\000q\000u\000e\000s}{}% 29
\BOOKMARK [2][-]{subsection.2.1}{\376\377\000P\000r\000o\000o\000f\000\040\000T\000e\000c\000h\000n\000i\000q\000u\000e\000s}{section.2}% 30
\BOOKMARK [3][-]{subsubsection.2.1.1}{\376\377\000D\000i\000r\000e\000c\000t\000\040\000P\000r\000o\000o\000f}{subsection.2.1}% 31
\BOOKMARK [3][-]{subsubsection.2.1.2}{\376\377\000P\000r\000o\000o\000f\000\040\000b\000y\000\040\000C\000o\000n\000t\000r\000a\000p\000o\000s\000i\000t\000i\000v\000e}{subsection.2.1}% 32
\BOOKMARK [3][-]{subsubsection.2.1.3}{\376\377\000P\000r\000o\000o\000f\000\040\000b\000y\000\040\000C\000o\000n\000t\000r\000a\000d\000i\000c\000t\000i\000o\000n}{subsection.2.1}% 33
\BOOKMARK [1][-]{section.3}{\376\377\000L\000a\000t\000t\000i\000c\000e}{}% 34
\BOOKMARK [2][-]{subsection.3.1}{\376\377\000C\000o\000m\000p\000l\000e\000m\000e\000n\000t\000\040\000o\000f\000\040\000a\000n\000\040\000e\000l\000e\000m\000e\000n\000t}{section.3}% 35
\BOOKMARK [2][-]{subsection.3.2}{\376\377\000B\000o\000o\000l\000e\000a\000n\000\040\000A\000l\000g\000e\000b\000r\000a}{section.3}% 36
\BOOKMARK [2][-]{subsection.3.3}{\376\377\000L\000o\000g\000i\000c\000\040\000G\000a\000t\000e\000s\000\040\000a\000n\000d\000\040\000C\000i\000r\000c\000u\000i\000t\000s}{section.3}% 37
\BOOKMARK [3][-]{subsubsection.3.3.1}{\376\377\000O\000R\000\040\000G\000a\000t\000e}{subsection.3.3}% 38
\BOOKMARK [3][-]{subsubsection.3.3.2}{\376\377\000A\000N\000D\000\040\000G\000a\000t\000e}{subsection.3.3}% 39
\BOOKMARK [3][-]{subsubsection.3.3.3}{\376\377\000N\000O\000T\000\040\000G\000a\000t\000e}{subsection.3.3}% 40
\BOOKMARK [3][-]{subsubsection.3.3.4}{\376\377\000L\000o\000g\000i\000c\000\040\000C\000i\000r\000c\000u\000i\000t}{subsection.3.3}% 41
\BOOKMARK [3][-]{subsubsection.3.3.5}{\376\377\000N\000A\000N\000D\000\040\000a\000n\000d\000\040\000N\000O\000R\000\040\000G\000a\000t\000e}{subsection.3.3}% 42
\BOOKMARK [1][-]{section.4}{\376\377\000G\000R\000O\000U\000P\000\040\000T\000H\000E\000O\000R\000Y\000\040\000y\000e\000a\000h\000\040\000i\000m\000m\000a\000\040\000k\000m\000s}{}% 43
\BOOKMARK [2][-]{subsection.4.1}{\376\377\000B\000i\000n\000a\000r\000y\000\040\000O\000p\000e\000r\000a\000t\000i\000o\000n\000s}{section.4}% 44
\BOOKMARK [2][-]{subsection.4.2}{\376\377\000G\000r\000o\000u\000p}{section.4}% 45
\BOOKMARK [2][-]{subsection.4.3}{\376\377\000A\000b\000e\000l\000i\000a\000n\000\040\000G\000r\000o\000u\000p}{section.4}% 46
\BOOKMARK [2][-]{subsection.4.4}{\376\377\000U\000n\000i\000t\000a\000r\000y\000\040\000g\000r\000o\000u\000p}{section.4}% 47
\BOOKMARK [3][-]{subsubsection.4.4.1}{\376\377\000C\000a\000y\000l\000e\000y\000\040\000T\000a\000b\000l\000e}{subsection.4.4}% 48
\BOOKMARK [2][-]{subsection.4.5}{\376\377\000P\000r\000o\000p\000e\000r\000t\000i\000e\000s\000\040\000o\000f\000\040\000a\000\040\000g\000r\000o\000u\000p}{section.4}% 49
\BOOKMARK [2][-]{subsection.4.6}{\376\377\000S\000u\000b\000g\000r\000o\000u\000p\000s}{section.4}% 50
\BOOKMARK [3][-]{subsubsection.4.6.1}{\376\377\000O\000n\000e\000\040\000s\000t\000e\000p\000\040\000s\000u\000b\000g\000r\000o\000u\000p\000\040\000t\000e\000s\000t}{subsection.4.6}% 51
\BOOKMARK [3][-]{subsubsection.4.6.2}{\376\377\000T\000w\000o\000\040\000s\000t\000e\000p\000\040\000s\000u\000b\000g\000r\000o\000u\000p\000\040\000t\000e\000s\000t}{subsection.4.6}% 52
\BOOKMARK [2][-]{subsection.4.7}{\376\377\000C\000y\000c\000l\000i\000c\000\040\000g\000r\000o\000u\000p\000s}{section.4}% 53
\BOOKMARK [3][-]{subsubsection.4.7.1}{\376\377\000E\000u\000l\000e\000r\000'\000s\000\040\000p\000h\000i\000\040\000\050\000t\000o\000t\000i\000e\000n\000t\000\051\000\040\000f\000u\000n\000c\000t\000i\000o\000n}{subsection.4.7}% 54
\BOOKMARK [2][-]{subsection.4.8}{\376\377\000S\000u\000b\000g\000r\000o\000u\000p\000s\000\040\000o\000f\000\040\000Z\000n}{section.4}% 55
\BOOKMARK [2][-]{subsection.4.9}{\376\377\000C\000e\000n\000t\000e\000r\000\040\000o\000f\000\040\000a\000\040\000g\000r\000o\000u\000p}{section.4}% 56
\BOOKMARK [2][-]{subsection.4.10}{\376\377\000C\000e\000n\000t\000r\000a\000l\000i\000z\000e\000r\000\040\000o\000f\000\040\000a\000n\000\040\000e\000l\000e\000m\000e\000n\000t}{section.4}% 57
\BOOKMARK [2][-]{subsection.4.11}{\376\377\000P\000a\000r\000t\000i\000t\000i\000o\000n\000\040\000o\000f\000\040\000n\000u\000m\000b\000e\000r\000s}{section.4}% 58
\BOOKMARK [2][-]{subsection.4.12}{\376\377\000O\000r\000d\000e\000r\000\040\000o\000f\000\040\000e\000l\000e\000m\000e\000n\000t\000s\000\040\000i\000n\000\040\000S\000n}{section.4}% 59
